Copying runtime jar.
downloading https://repo1.maven.org/maven2/org/scala-sbt/sbt/1.2.6/sbt-1.2.6.jar ...
	[SUCCESSFUL ] org.scala-sbt#sbt;1.2.6!sbt.jar (9ms)
downloading https://repo1.maven.org/maven2/org/scala-lang/scala-library/2.12.7/scala-library-2.12.7.jar ...
	[SUCCESSFUL ] org.scala-lang#scala-library;2.12.7!scala-library.jar (113ms)
downloading https://repo1.maven.org/maven2/org/scala-sbt/main_2.12/1.2.6/main_2.12-1.2.6.jar ...
	[SUCCESSFUL ] org.scala-sbt#main_2.12;1.2.6!main_2.12.jar (42ms)
downloading https://repo1.maven.org/maven2/org/scala-sbt/logic_2.12/1.2.6/logic_2.12-1.2.6.jar ...
	[SUCCESSFUL ] org.scala-sbt#logic_2.12;1.2.6!logic_2.12.jar (8ms)
downloading https://repo1.maven.org/maven2/org/scala-sbt/actions_2.12/1.2.6/actions_2.12-1.2.6.jar ...
	[SUCCESSFUL ] org.scala-sbt#actions_2.12;1.2.6!actions_2.12.jar (11ms)
downloading https://repo1.maven.org/maven2/org/scala-sbt/main-settings_2.12/1.2.6/main-settings_2.12-1.2.6.jar ...
	[SUCCESSFUL ] org.scala-sbt#main-settings_2.12;1.2.6!main-settings_2.12.jar (20ms)
downloading https://repo1.maven.org/maven2/org/scala-sbt/run_2.12/1.2.6/run_2.12-1.2.6.jar ...
	[SUCCESSFUL ] org.scala-sbt#run_2.12;1.2.6!run_2.12.jar (10ms)
downloading https://repo1.maven.org/maven2/org/scala-sbt/command_2.12/1.2.6/command_2.12-1.2.6.jar ...
	[SUCCESSFUL ] org.scala-sbt#command_2.12;1.2.6!command_2.12.jar (12ms)
downloading https://repo1.maven.org/maven2/org/scala-sbt/collections_2.12/1.2.6/collections_2.12-1.2.6.jar ...
	[SUCCESSFUL ] org.scala-sbt#collections_2.12;1.2.6!collections_2.12.jar (14ms)
downloading https://repo1.maven.org/maven2/org/scala-sbt/scripted-sbt-redux_2.12/1.2.6/scripted-sbt-redux_2.12-1.2.6.jar ...
	[SUCCESSFUL ] org.scala-sbt#scripted-sbt-redux_2.12;1.2.6!scripted-sbt-redux_2.12.jar (9ms)
downloading https://repo1.maven.org/maven2/org/scala-sbt/scripted-plugin_2.12/1.2.6/scripted-plugin_2.12-1.2.6.jar ...
	[SUCCESSFUL ] org.scala-sbt#scripted-plugin_2.12;1.2.6!scripted-plugin_2.12.jar (7ms)
downloading https://repo1.maven.org/maven2/org/scala-lang/modules/scala-xml_2.12/1.0.6/scala-xml_2.12-1.0.6.jar ...
	[SUCCESSFUL ] org.scala-lang.modules#scala-xml_2.12;1.0.6!scala-xml_2.12.jar(bundle) (20ms)
downloading https://repo1.maven.org/maven2/org/scala-sbt/launcher-interface/1.0.4/launcher-interface-1.0.4.jar ...
	[SUCCESSFUL ] org.scala-sbt#launcher-interface;1.0.4!launcher-interface.jar (7ms)
downloading https://repo1.maven.org/maven2/org/apache/logging/log4j/log4j-api/2.8.1/log4j-api-2.8.1.jar ...
	[SUCCESSFUL ] org.apache.logging.log4j#log4j-api;2.8.1!log4j-api.jar (12ms)
downloading https://repo1.maven.org/maven2/org/apache/logging/log4j/log4j-core/2.8.1/log4j-core-2.8.1.jar ...
	[SUCCESSFUL ] org.apache.logging.log4j#log4j-core;2.8.1!log4j-core.jar (42ms)
downloading https://repo1.maven.org/maven2/org/apache/logging/log4j/log4j-slf4j-impl/2.8.1/log4j-slf4j-impl-2.8.1.jar ...
	[SUCCESSFUL ] org.apache.logging.log4j#log4j-slf4j-impl;2.8.1!log4j-slf4j-impl.jar (8ms)
downloading https://repo1.maven.org/maven2/com/github/cb372/scalacache-caffeine_2.12/0.20.0/scalacache-caffeine_2.12-0.20.0.jar ...
	[SUCCESSFUL ] com.github.cb372#scalacache-caffeine_2.12;0.20.0!scalacache-caffeine_2.12.jar (8ms)
downloading https://repo1.maven.org/maven2/org/scala-sbt/io_2.12/1.2.2/io_2.12-1.2.2.jar ...
	[SUCCESSFUL ] org.scala-sbt#io_2.12;1.2.2!io_2.12.jar (12ms)
downloading https://repo1.maven.org/maven2/org/scala-sbt/util-logging_2.12/1.2.3/util-logging_2.12-1.2.3.jar ...
	[SUCCESSFUL ] org.scala-sbt#util-logging_2.12;1.2.3!util-logging_2.12.jar (13ms)
downloading https://repo1.maven.org/maven2/org/scala-sbt/librarymanagement-core_2.12/1.2.2/librarymanagement-core_2.12-1.2.2.jar ...
	[SUCCESSFUL ] org.scala-sbt#librarymanagement-core_2.12;1.2.2!librarymanagement-core_2.12.jar (22ms)
downloading https://repo1.maven.org/maven2/org/scala-sbt/librarymanagement-ivy_2.12/1.2.2/librarymanagement-ivy_2.12-1.2.2.jar ...
	[SUCCESSFUL ] org.scala-sbt#librarymanagement-ivy_2.12;1.2.2!librarymanagement-ivy_2.12.jar (18ms)
downloading https://repo1.maven.org/maven2/org/scala-sbt/compiler-interface/1.2.4/compiler-interface-1.2.4.jar ...
	[SUCCESSFUL ] org.scala-sbt#compiler-interface;1.2.4!compiler-interface.jar (9ms)
downloading https://repo1.maven.org/maven2/org/scala-sbt/zinc-compile_2.12/1.2.4/zinc-compile_2.12-1.2.4.jar ...
	[SUCCESSFUL ] org.scala-sbt#zinc-compile_2.12;1.2.4!zinc-compile_2.12.jar (9ms)
downloading https://repo1.maven.org/maven2/org/scala-sbt/util-relation_2.12/1.2.3/util-relation_2.12-1.2.3.jar ...
	[SUCCESSFUL ] org.scala-sbt#util-relation_2.12;1.2.3!util-relation_2.12.jar (7ms)
downloading https://repo1.maven.org/maven2/com/eed3si9n/sjson-new-scalajson_2.12/0.8.2/sjson-new-scalajson_2.12-0.8.2.jar ...
	[SUCCESSFUL ] com.eed3si9n#sjson-new-scalajson_2.12;0.8.2!sjson-new-scalajson_2.12.jar (11ms)
downloading https://repo1.maven.org/maven2/org/scala-sbt/util-position_2.12/1.2.3/util-position_2.12-1.2.3.jar ...
	[SUCCESSFUL ] org.scala-sbt#util-position_2.12;1.2.3!util-position_2.12.jar (9ms)
downloading https://repo1.maven.org/maven2/com/eed3si9n/sjson-new-core_2.12/0.8.2/sjson-new-core_2.12-0.8.2.jar ...
	[SUCCESSFUL ] com.eed3si9n#sjson-new-core_2.12;0.8.2!sjson-new-core_2.12.jar (22ms)
downloading https://repo1.maven.org/maven2/com/eed3si9n/shaded-scalajson_2.12/1.0.0-M4/shaded-scalajson_2.12-1.0.0-M4.jar ...
	[SUCCESSFUL ] com.eed3si9n#shaded-scalajson_2.12;1.0.0-M4!shaded-scalajson_2.12.jar (12ms)
downloading https://repo1.maven.org/maven2/org/spire-math/jawn-parser_2.12/0.10.4/jawn-parser_2.12-0.10.4.jar ...
	[SUCCESSFUL ] org.spire-math#jawn-parser_2.12;0.10.4!jawn-parser_2.12.jar (11ms)
downloading https://repo1.maven.org/maven2/org/scala-lang/scala-reflect/2.12.7/scala-reflect-2.12.7.jar ...
	[SUCCESSFUL ] org.scala-lang#scala-reflect;2.12.7!scala-reflect.jar (75ms)
downloading https://repo1.maven.org/maven2/org/scala-sbt/completion_2.12/1.2.6/completion_2.12-1.2.6.jar ...
	[SUCCESSFUL ] org.scala-sbt#completion_2.12;1.2.6!completion_2.12.jar (14ms)
downloading https://repo1.maven.org/maven2/org/scala-sbt/task-system_2.12/1.2.6/task-system_2.12-1.2.6.jar ...
	[SUCCESSFUL ] org.scala-sbt#task-system_2.12;1.2.6!task-system_2.12.jar (11ms)
downloading https://repo1.maven.org/maven2/org/scala-sbt/tasks_2.12/1.2.6/tasks_2.12-1.2.6.jar ...
	[SUCCESSFUL ] org.scala-sbt#tasks_2.12;1.2.6!tasks_2.12.jar (9ms)
downloading https://repo1.maven.org/maven2/org/scala-sbt/testing_2.12/1.2.6/testing_2.12-1.2.6.jar ...
	[SUCCESSFUL ] org.scala-sbt#testing_2.12;1.2.6!testing_2.12.jar (12ms)
downloading https://repo1.maven.org/maven2/org/scala-sbt/util-tracking_2.12/1.2.3/util-tracking_2.12-1.2.3.jar ...
	[SUCCESSFUL ] org.scala-sbt#util-tracking_2.12;1.2.3!util-tracking_2.12.jar (8ms)
downloading https://repo1.maven.org/maven2/org/scala-sbt/zinc-classpath_2.12/1.2.4/zinc-classpath_2.12-1.2.4.jar ...
	[SUCCESSFUL ] org.scala-sbt#zinc-classpath_2.12;1.2.4!zinc-classpath_2.12.jar (11ms)
downloading https://repo1.maven.org/maven2/org/scala-sbt/zinc-apiinfo_2.12/1.2.4/zinc-apiinfo_2.12-1.2.4.jar ...
	[SUCCESSFUL ] org.scala-sbt#zinc-apiinfo_2.12;1.2.4!zinc-apiinfo_2.12.jar (14ms)
downloading https://repo1.maven.org/maven2/org/scala-sbt/zinc-ivy-integration_2.12/1.2.4/zinc-ivy-integration_2.12-1.2.4.jar ...
	[SUCCESSFUL ] org.scala-sbt#zinc-ivy-integration_2.12;1.2.4!zinc-ivy-integration_2.12.jar (9ms)
downloading https://repo1.maven.org/maven2/org/scala-sbt/zinc_2.12/1.2.4/zinc_2.12-1.2.4.jar ...
	[SUCCESSFUL ] org.scala-sbt#zinc_2.12;1.2.4!zinc_2.12.jar (9ms)
downloading https://repo1.maven.org/maven2/jline/jline/2.14.6/jline-2.14.6.jar ...
	[SUCCESSFUL ] jline#jline;2.14.6!jline.jar (12ms)
downloading https://repo1.maven.org/maven2/org/scala-sbt/util-control_2.12/1.2.3/util-control_2.12-1.2.3.jar ...
	[SUCCESSFUL ] org.scala-sbt#util-control_2.12;1.2.3!util-control_2.12.jar (8ms)
downloading https://repo1.maven.org/maven2/com/swoval/apple-file-events/1.3.2/apple-file-events-1.3.2.jar ...
	[SUCCESSFUL ] com.swoval#apple-file-events;1.3.2!apple-file-events.jar (7ms)
downloading https://repo1.maven.org/maven2/net/java/dev/jna/jna/4.5.0/jna-4.5.0.jar ...
	[SUCCESSFUL ] net.java.dev.jna#jna;4.5.0!jna.jar (33ms)
downloading https://repo1.maven.org/maven2/net/java/dev/jna/jna-platform/4.5.0/jna-platform-4.5.0.jar ...
	[SUCCESSFUL ] net.java.dev.jna#jna-platform;4.5.0!jna-platform.jar (44ms)
downloading https://repo1.maven.org/maven2/org/scala-sbt/util-interface/1.2.3/util-interface-1.2.3.jar ...
	[SUCCESSFUL ] org.scala-sbt#util-interface;1.2.3!util-interface.jar (8ms)
downloading https://repo1.maven.org/maven2/com/lmax/disruptor/3.3.6/disruptor-3.3.6.jar ...
	[SUCCESSFUL ] com.lmax#disruptor;3.3.6!disruptor.jar (9ms)
downloading https://repo1.maven.org/maven2/org/scala-sbt/util-cache_2.12/1.2.3/util-cache_2.12-1.2.3.jar ...
	[SUCCESSFUL ] org.scala-sbt#util-cache_2.12;1.2.3!util-cache_2.12.jar (10ms)
downloading https://repo1.maven.org/maven2/com/eed3si9n/sjson-new-murmurhash_2.12/0.8.2/sjson-new-murmurhash_2.12-0.8.2.jar ...
	[SUCCESSFUL ] com.eed3si9n#sjson-new-murmurhash_2.12;0.8.2!sjson-new-murmurhash_2.12.jar (8ms)
downloading https://repo1.maven.org/maven2/org/scala-sbt/test-agent/1.2.6/test-agent-1.2.6.jar ...
	[SUCCESSFUL ] org.scala-sbt#test-agent;1.2.6!test-agent.jar (7ms)
downloading https://repo1.maven.org/maven2/org/scala-sbt/test-interface/1.0/test-interface-1.0.jar ...
	[SUCCESSFUL ] org.scala-sbt#test-interface;1.0!test-interface.jar (8ms)
downloading https://repo1.maven.org/maven2/org/scala-sbt/compiler-bridge_2.12/1.2.4/compiler-bridge_2.12-1.2.4.jar ...
	[SUCCESSFUL ] org.scala-sbt#compiler-bridge_2.12;1.2.4!compiler-bridge_2.12.jar (10ms)
downloading https://repo1.maven.org/maven2/org/scala-sbt/zinc-classfile_2.12/1.2.4/zinc-classfile_2.12-1.2.4.jar ...
	[SUCCESSFUL ] org.scala-sbt#zinc-classfile_2.12;1.2.4!zinc-classfile_2.12.jar (7ms)
downloading https://repo1.maven.org/maven2/org/scala-lang/scala-compiler/2.12.7/scala-compiler-2.12.7.jar ...
	[SUCCESSFUL ] org.scala-lang#scala-compiler;2.12.7!scala-compiler.jar (184ms)
downloading https://repo1.maven.org/maven2/com/jcraft/jsch/0.1.54/jsch-0.1.54.jar ...
	[SUCCESSFUL ] com.jcraft#jsch;0.1.54!jsch.jar (12ms)
downloading https://repo1.maven.org/maven2/com/eed3si9n/gigahorse-okhttp_2.12/0.3.0/gigahorse-okhttp_2.12-0.3.0.jar ...
	[SUCCESSFUL ] com.eed3si9n#gigahorse-okhttp_2.12;0.3.0!gigahorse-okhttp_2.12.jar (9ms)
downloading https://repo1.maven.org/maven2/com/squareup/okhttp3/okhttp-urlconnection/3.7.0/okhttp-urlconnection-3.7.0.jar ...
	[SUCCESSFUL ] com.squareup.okhttp3#okhttp-urlconnection;3.7.0!okhttp-urlconnection.jar (9ms)
downloading https://repo1.maven.org/maven2/com/eed3si9n/gigahorse-core_2.12/0.3.0/gigahorse-core_2.12-0.3.0.jar ...
	[SUCCESSFUL ] com.eed3si9n#gigahorse-core_2.12;0.3.0!gigahorse-core_2.12.jar (11ms)
downloading https://repo1.maven.org/maven2/com/squareup/okhttp3/okhttp/3.7.0/okhttp-3.7.0.jar ...
	[SUCCESSFUL ] com.squareup.okhttp3#okhttp;3.7.0!okhttp.jar (14ms)
downloading https://repo1.maven.org/maven2/com/typesafe/ssl-config-core_2.12/0.2.2/ssl-config-core_2.12-0.2.2.jar ...
	[SUCCESSFUL ] com.typesafe#ssl-config-core_2.12;0.2.2!ssl-config-core_2.12.jar(bundle) (13ms)
downloading https://repo1.maven.org/maven2/org/reactivestreams/reactive-streams/1.0.0/reactive-streams-1.0.0.jar ...
	[SUCCESSFUL ] org.reactivestreams#reactive-streams;1.0.0!reactive-streams.jar (6ms)
downloading https://repo1.maven.org/maven2/org/slf4j/slf4j-api/1.7.25/slf4j-api-1.7.25.jar ...
	[SUCCESSFUL ] org.slf4j#slf4j-api;1.7.25!slf4j-api.jar (18ms)
downloading https://repo1.maven.org/maven2/com/typesafe/config/1.2.0/config-1.2.0.jar ...
	[SUCCESSFUL ] com.typesafe#config;1.2.0!config.jar(bundle) (17ms)
downloading https://repo1.maven.org/maven2/com/squareup/okio/okio/1.12.0/okio-1.12.0.jar ...
	[SUCCESSFUL ] com.squareup.okio#okio;1.12.0!okio.jar (10ms)
downloading https://repo1.maven.org/maven2/org/scala-sbt/zinc-compile-core_2.12/1.2.4/zinc-compile-core_2.12-1.2.4.jar ...
	[SUCCESSFUL ] org.scala-sbt#zinc-compile-core_2.12;1.2.4!zinc-compile-core_2.12.jar (13ms)
downloading https://repo1.maven.org/maven2/org/scala-lang/modules/scala-parser-combinators_2.12/1.0.5/scala-parser-combinators_2.12-1.0.5.jar ...
	[SUCCESSFUL ] org.scala-lang.modules#scala-parser-combinators_2.12;1.0.5!scala-parser-combinators_2.12.jar(bundle) (14ms)
downloading https://repo1.maven.org/maven2/org/scala-sbt/zinc-core_2.12/1.2.4/zinc-core_2.12-1.2.4.jar ...
	[SUCCESSFUL ] org.scala-sbt#zinc-core_2.12;1.2.4!zinc-core_2.12.jar (13ms)
downloading https://repo1.maven.org/maven2/org/scala-sbt/zinc-persist_2.12/1.2.4/zinc-persist_2.12-1.2.4.jar ...
	[SUCCESSFUL ] org.scala-sbt#zinc-persist_2.12;1.2.4!zinc-persist_2.12.jar (37ms)
downloading https://repo1.maven.org/maven2/com/trueaccord/scalapb/scalapb-runtime_2.12/0.6.0/scalapb-runtime_2.12-0.6.0.jar ...
	[SUCCESSFUL ] com.trueaccord.scalapb#scalapb-runtime_2.12;0.6.0!scalapb-runtime_2.12.jar (39ms)
downloading https://repo1.maven.org/maven2/org/scala-sbt/sbinary_2.12/0.5.0/sbinary_2.12-0.5.0.jar ...
	[SUCCESSFUL ] org.scala-sbt#sbinary_2.12;0.5.0!sbinary_2.12.jar (10ms)
downloading https://repo1.maven.org/maven2/com/trueaccord/lenses/lenses_2.12/0.4.12/lenses_2.12-0.4.12.jar ...
	[SUCCESSFUL ] com.trueaccord.lenses#lenses_2.12;0.4.12!lenses_2.12.jar (10ms)
downloading https://repo1.maven.org/maven2/com/lihaoyi/fastparse_2.12/0.4.2/fastparse_2.12-0.4.2.jar ...
	[SUCCESSFUL ] com.lihaoyi#fastparse_2.12;0.4.2!fastparse_2.12.jar (13ms)
downloading https://repo1.maven.org/maven2/com/google/protobuf/protobuf-java/3.3.1/protobuf-java-3.3.1.jar ...
	[SUCCESSFUL ] com.google.protobuf#protobuf-java;3.3.1!protobuf-java.jar(bundle) (38ms)
downloading https://repo1.maven.org/maven2/com/lihaoyi/fastparse-utils_2.12/0.4.2/fastparse-utils_2.12-0.4.2.jar ...
	[SUCCESSFUL ] com.lihaoyi#fastparse-utils_2.12;0.4.2!fastparse-utils_2.12.jar (9ms)
downloading https://repo1.maven.org/maven2/com/lihaoyi/sourcecode_2.12/0.1.3/sourcecode_2.12-0.1.3.jar ...
	[SUCCESSFUL ] com.lihaoyi#sourcecode_2.12;0.1.3!sourcecode_2.12.jar (14ms)
downloading https://repo1.maven.org/maven2/org/scala-sbt/core-macros_2.12/1.2.6/core-macros_2.12-1.2.6.jar ...
	[SUCCESSFUL ] org.scala-sbt#core-macros_2.12;1.2.6!core-macros_2.12.jar (8ms)
downloading https://repo1.maven.org/maven2/org/scala-sbt/protocol_2.12/1.2.6/protocol_2.12-1.2.6.jar ...
	[SUCCESSFUL ] org.scala-sbt#protocol_2.12;1.2.6!protocol_2.12.jar (15ms)
downloading https://repo1.maven.org/maven2/org/scala-sbt/template-resolver/0.1/template-resolver-0.1.jar ...
	[SUCCESSFUL ] org.scala-sbt#template-resolver;0.1!template-resolver.jar (6ms)
downloading https://repo1.maven.org/maven2/org/scala-sbt/ipcsocket/ipcsocket/1.0.0/ipcsocket-1.0.0.jar ...
	[SUCCESSFUL ] org.scala-sbt.ipcsocket#ipcsocket;1.0.0!ipcsocket.jar (10ms)
downloading https://repo1.maven.org/maven2/org/scala-sbt/util-scripted_2.12/1.2.3/util-scripted_2.12-1.2.3.jar ...
	[SUCCESSFUL ] org.scala-sbt#util-scripted_2.12;1.2.3!util-scripted_2.12.jar (7ms)
downloading https://repo1.maven.org/maven2/com/github/cb372/scalacache-core_2.12/0.20.0/scalacache-core_2.12-0.20.0.jar ...
	[SUCCESSFUL ] com.github.cb372#scalacache-core_2.12;0.20.0!scalacache-core_2.12.jar (8ms)
downloading https://repo1.maven.org/maven2/com/github/ben-manes/caffeine/caffeine/2.5.6/caffeine-2.5.6.jar ...
	[SUCCESSFUL ] com.github.ben-manes.caffeine#caffeine;2.5.6!caffeine.jar (31ms)
downloading https://repo1.maven.org/maven2/org/scala-sbt/ivy/ivy/2.3.0-sbt-b18f59ea3bc914a297bb6f1a4f7fb0ace399e310/ivy-2.3.0-sbt-b18f59ea3bc914a297bb6f1a4f7fb0ace399e310.jar ...
	[SUCCESSFUL ] org.scala-sbt.ivy#ivy;2.3.0-sbt-b18f59ea3bc914a297bb6f1a4f7fb0ace399e310!ivy.jar (27ms)
:: retrieving :: org.scala-sbt#boot-app
	confs: [default]
	80 artifacts copied, 0 already retrieved (28316kB/88ms)
:: retrieving :: org.scala-sbt#boot-scala
	confs: [default]
	5 artifacts copied, 0 already retrieved (19715kB/27ms)
[0m[[0m[0minfo[0m] [0m[0mLoading settings for project akka-serialization-comparision-build from protoc.sbt ...[0m
[0m[[0m[0minfo[0m] [0m[0mLoading project definition from /home/ubuntu/akka-serialization-comparision/project[0m
[0m[[0m[0minfo[0m] [0m[0mUpdating ProjectRef(uri("file:/home/ubuntu/akka-serialization-comparision/project/"), "akka-serialization-comparision-build")...[0m
[0m[[0m[0minfo[0m] [0m[0mdownloading https://repo1.maven.org/maven2/com/github/os72/protoc-jar/3.6.0/protoc-jar-3.6.0.jar ...[0m
[0m[[0m[0minfo[0m] [0m[0mdownloading https://repo1.maven.org/maven2/com/thesamet/scalapb/compilerplugin_2.12/0.8.1/compilerplugin_2.12-0.8.1.jar ...[0m
[0m[[0m[0minfo[0m] [0m[0mdownloading https://repo1.maven.org/maven2/com/thesamet/scalapb/protoc-bridge_2.12/0.7.3/protoc-bridge_2.12-0.7.3.jar ...[0m
[0m[[0m[0minfo[0m] [0m[0mdownloading https://repo1.maven.org/maven2/com/google/protobuf/protobuf-java/3.6.1/protobuf-java-3.6.1.jar ...[0m
[0m[[0m[0minfo[0m] [0m[0m	[SUCCESSFUL ] com.thesamet.scalapb#protoc-bridge_2.12;0.7.3!protoc-bridge_2.12.jar (100ms)[0m
[0m[[0m[0minfo[0m] [0m[0m	[SUCCESSFUL ] com.thesamet.scalapb#compilerplugin_2.12;0.8.1!compilerplugin_2.12.jar (189ms)[0m
[0m[[0m[0minfo[0m] [0m[0mdownloading https://repo.scala-sbt.org/scalasbt/sbt-plugin-releases/com.thesamet/sbt-protoc/scala_2.12/sbt_1.0/0.99.19/jars/sbt-protoc.jar ...[0m
[0m[[0m[0minfo[0m] [0m[0m	[SUCCESSFUL ] com.google.protobuf#protobuf-java;3.6.1!protobuf-java.jar(bundle) (307ms)[0m
[0m[[0m[0minfo[0m] [0m[0m	[SUCCESSFUL ] com.github.os72#protoc-jar;3.6.0!protoc-jar.jar (474ms)[0m
[0m[[0m[0minfo[0m] [0m[0mdownloading https://repo1.maven.org/maven2/org/apache/logging/log4j/log4j-core/2.8.1/log4j-core-2.8.1-tests.jar ...[0m
[0m[[0m[0minfo[0m] [0m[0m	[SUCCESSFUL ] org.apache.logging.log4j#log4j-core;2.8.1!log4j-core.jar(test-jar) (44ms)[0m
[0m[[0m[0minfo[0m] [0m[0mdownloading https://repo.scala-sbt.org/scalasbt/sbt-plugin-releases/org.portable-scala/sbt-platform-deps/scala_2.12/sbt_1.0/1.0.0/jars/sbt-platform-deps.jar ...[0m
[0m[[0m[0minfo[0m] [0m[0m	[SUCCESSFUL ] org.portable-scala#sbt-platform-deps;1.0.0!sbt-platform-deps.jar (1282ms)[0m
[0m[[0m[0minfo[0m] [0m[0m	[SUCCESSFUL ] com.thesamet#sbt-protoc;0.99.19!sbt-protoc.jar (1370ms)[0m
[0m[[0m[0minfo[0m] [0m[0mDone updating.[0m
[0m[[0m[0minfo[0m] [0m[0mLoading settings for project akka-serialization-comparision from build.sbt ...[0m
[0m[[0m[0minfo[0m] [0m[0mSet current project to akka-serialization-comparision (in build file:/home/ubuntu/akka-serialization-comparision/)[0m
[0m[[0m[32msuccess[0m] [0m[0mTotal time: 0 s, completed Jan 4, 2019, 9:19:36 AM[0m
[0m[[0m[0minfo[0m] [0m[0mUpdating ...[0m
[0m[[0m[0minfo[0m] [0m[0mdownloading https://repo1.maven.org/maven2/com/thesamet/scalapb/scalapb-runtime_2.12/0.8.1/scalapb-runtime_2.12-0.8.1.jar ...[0m
[0m[[0m[0minfo[0m] [0m[0mdownloading https://repo1.maven.org/maven2/org/iq80/leveldb/leveldb/0.7/leveldb-0.7.jar ...[0m
[0m[[0m[0minfo[0m] [0m[0mdownloading https://repo1.maven.org/maven2/io/circe/circe-generic_2.12/0.10.0/circe-generic_2.12-0.10.0.jar ...[0m
[0m[[0m[0minfo[0m] [0m[0mdownloading https://repo1.maven.org/maven2/io/circe/circe-parser_2.12/0.10.0/circe-parser_2.12-0.10.0.jar ...[0m
[0m[[0m[0minfo[0m] [0m[0mdownloading https://repo1.maven.org/maven2/com/typesafe/akka/akka-persistence_2.12/2.5.18/akka-persistence_2.12-2.5.18.jar ...[0m
[0m[[0m[0minfo[0m] [0m[0mdownloading https://repo1.maven.org/maven2/com/storm-enroute/scalameter_2.12/0.8.2/scalameter_2.12-0.8.2.jar ...[0m
[0m[[0m[0minfo[0m] [0m[0mdownloading https://repo1.maven.org/maven2/com/thesamet/scalapb/lenses_2.12/0.8.1/lenses_2.12-0.8.1.jar ...[0m
[0m[[0m[0minfo[0m] [0m[0mdownloading https://repo1.maven.org/maven2/org/fusesource/leveldbjni/leveldbjni-all/1.8/leveldbjni-all-1.8.jar ...[0m
[0m[[0m[0minfo[0m] [0m[0mdownloading https://repo1.maven.org/maven2/com/lihaoyi/fastparse_2.12/1.0.0/fastparse_2.12-1.0.0.jar ...[0m
[0m[[0m[0minfo[0m] [0m[0mdownloading https://repo1.maven.org/maven2/com/lihaoyi/fastparse-utils_2.12/1.0.0/fastparse-utils_2.12-1.0.0.jar ...[0m
[0m[[0m[0minfo[0m] [0m[0mdownloading https://repo1.maven.org/maven2/com/lihaoyi/sourcecode_2.12/0.1.4/sourcecode_2.12-0.1.4.jar ...[0m
[0m[[0m[0minfo[0m] [0m[0mdownloading https://repo1.maven.org/maven2/io/circe/circe-core_2.12/0.10.0/circe-core_2.12-0.10.0.jar ...[0m
[0m[[0m[0minfo[0m] [0m[0mdownloading https://repo1.maven.org/maven2/com/typesafe/akka/akka-actor_2.12/2.5.18/akka-actor_2.12-2.5.18.jar ...[0m
[0m[[0m[0minfo[0m] [0m[0mdownloading https://repo1.maven.org/maven2/com/typesafe/akka/akka-protobuf_2.12/2.5.18/akka-protobuf_2.12-2.5.18.jar ...[0m
[0m[[0m[0minfo[0m] [0m[0mdownloading https://repo1.maven.org/maven2/com/typesafe/config/1.3.3/config-1.3.3.jar ...[0m
[0m[[0m[0minfo[0m] [0m[0mdownloading https://repo1.maven.org/maven2/org/iq80/leveldb/leveldb-api/0.7/leveldb-api-0.7.jar ...[0m
[0m[[0m[0minfo[0m] [0m[0mdownloading https://repo1.maven.org/maven2/org/scala-lang/modules/scala-java8-compat_2.12/0.8.0/scala-java8-compat_2.12-0.8.0.jar ...[0m
[0m[[0m[0minfo[0m] [0m[0mdownloading https://repo1.maven.org/maven2/com/google/guava/guava/16.0.1/guava-16.0.1.jar ...[0m
[0m[[0m[0minfo[0m] [0m[0mdownloading https://repo1.maven.org/maven2/org/typelevel/cats-core_2.12/1.4.0/cats-core_2.12-1.4.0.jar ...[0m
[0m[[0m[0minfo[0m] [0m[0mdownloading https://repo1.maven.org/maven2/io/circe/circe-numbers_2.12/0.10.0/circe-numbers_2.12-0.10.0.jar ...[0m
[0m[[0m[0minfo[0m] [0m[0mdownloading https://repo1.maven.org/maven2/org/typelevel/cats-macros_2.12/1.4.0/cats-macros_2.12-1.4.0.jar ...[0m
[0m[[0m[0minfo[0m] [0m[0mdownloading https://repo1.maven.org/maven2/org/typelevel/cats-kernel_2.12/1.4.0/cats-kernel_2.12-1.4.0.jar ...[0m
[0m[[0m[0minfo[0m] [0m[0mdownloading https://repo1.maven.org/maven2/com/chuusai/shapeless_2.12/2.3.3/shapeless_2.12-2.3.3.jar ...[0m
[0m[[0m[0minfo[0m] [0m[0mdownloading https://repo1.maven.org/maven2/org/typelevel/machinist_2.12/0.6.5/machinist_2.12-0.6.5.jar ...[0m
[0m[[0m[0minfo[0m] [0m[0mdownloading https://repo1.maven.org/maven2/org/typelevel/macro-compat_2.12/1.1.1/macro-compat_2.12-1.1.1.jar ...[0m
[0m[[0m[0minfo[0m] [0m[0mdownloading https://repo1.maven.org/maven2/org/spire-math/jawn-parser_2.12/0.13.0/jawn-parser_2.12-0.13.0.jar ...[0m
[0m[[0m[0minfo[0m] [0m[0mdownloading https://repo1.maven.org/maven2/io/circe/circe-jawn_2.12/0.10.0/circe-jawn_2.12-0.10.0.jar ...[0m
[0m[[0m[0minfo[0m] [0m[0mdownloading https://repo1.maven.org/maven2/com/storm-enroute/scalameter-core_2.12/0.8.2/scalameter-core_2.12-0.8.2.jar ...[0m
[0m[[0m[0minfo[0m] [0m[0mdownloading https://repo1.maven.org/maven2/org/apache/commons/commons-math3/3.2/commons-math3-3.2.jar ...[0m
[0m[[0m[0minfo[0m] [0m[0mdownloading https://repo1.maven.org/maven2/org/scala-tools/testing/test-interface/0.5/test-interface-0.5.jar ...[0m
[0m[[0m[0minfo[0m] [0m[0mdownloading https://repo1.maven.org/maven2/org/scala-lang/modules/scala-xml_2.12/1.0.5/scala-xml_2.12-1.0.5.jar ...[0m
[0m[[0m[0minfo[0m] [0m[0mdownloading https://repo1.maven.org/maven2/com/fasterxml/jackson/module/jackson-module-scala_2.12/2.8.4/jackson-module-scala_2.12-2.8.4.jar ...[0m
[0m[[0m[0minfo[0m] [0m[0mdownloading https://repo1.maven.org/maven2/commons-io/commons-io/2.4/commons-io-2.4.jar ...[0m
[0m[[0m[0minfo[0m] [0m[0mdownloading https://repo1.maven.org/maven2/io/spray/spray-json_2.12/1.3.2/spray-json_2.12-1.3.2.jar ...[0m
[0m[[0m[0minfo[0m] [0m[0mdownloading https://repo1.maven.org/maven2/org/apache/commons/commons-lang3/3.4/commons-lang3-3.4.jar ...[0m
[0m[[0m[0minfo[0m] [0m[0mdownloading https://repo1.maven.org/maven2/org/ow2/asm/asm/5.0.4/asm-5.0.4.jar ...[0m
[0m[[0m[0minfo[0m] [0m[0mdownloading https://repo1.maven.org/maven2/com/fasterxml/jackson/core/jackson-core/2.8.4/jackson-core-2.8.4.jar ...[0m
[0m[[0m[0minfo[0m] [0m[0mdownloading https://repo1.maven.org/maven2/com/fasterxml/jackson/core/jackson-databind/2.8.4/jackson-databind-2.8.4.jar ...[0m
[0m[[0m[0minfo[0m] [0m[0mdownloading https://repo1.maven.org/maven2/com/fasterxml/jackson/module/jackson-module-paranamer/2.8.4/jackson-module-paranamer-2.8.4.jar ...[0m
[0m[[0m[0minfo[0m] [0m[0mdownloading https://repo1.maven.org/maven2/com/thoughtworks/paranamer/paranamer/2.8/paranamer-2.8.jar ...[0m
[0m[[0m[0minfo[0m] [0m[0mdownloading https://repo1.maven.org/maven2/org/mongodb/casbah-commons_2.12.0-RC1/3.1.1/casbah-commons_2.12.0-RC1-3.1.1.jar ...[0m
[0m[[0m[0minfo[0m] [0m[0mdownloading https://repo1.maven.org/maven2/com/fasterxml/jackson/core/jackson-annotations/2.8.4/jackson-annotations-2.8.4.jar ...[0m
[0m[[0m[0minfo[0m] [0m[0mdownloading https://repo1.maven.org/maven2/org/mongodb/casbah-core_2.12.0-RC1/3.1.1/casbah-core_2.12.0-RC1-3.1.1.jar ...[0m
[0m[[0m[0minfo[0m] [0m[0mdownloading https://repo1.maven.org/maven2/org/mongodb/casbah-query_2.12.0-RC1/3.1.1/casbah-query_2.12.0-RC1-3.1.1.jar ...[0m
[0m[[0m[0minfo[0m] [0m[0mdownloading https://repo1.maven.org/maven2/org/mongodb/casbah-gridfs_2.12.0-RC1/3.1.1/casbah-gridfs_2.12.0-RC1-3.1.1.jar ...[0m
[0m[[0m[0minfo[0m] [0m[0mdownloading https://repo1.maven.org/maven2/com/github/nscala-time/nscala-time_2.12.0-RC1/2.14.0/nscala-time_2.12.0-RC1-2.14.0.jar ...[0m
[0m[[0m[0minfo[0m] [0m[0mdownloading https://repo1.maven.org/maven2/org/scala-lang/modules/scala-parser-combinators_2.12/1.0.4/scala-parser-combinators_2.12-1.0.4.jar ...[0m
[0m[[0m[0minfo[0m] [0m[0mdownloading https://repo1.maven.org/maven2/org/mongodb/mongo-java-driver/3.2.2/mongo-java-driver-3.2.2.jar ...[0m
[0m[[0m[0minfo[0m] [0m[0mdownloading https://repo1.maven.org/maven2/org/slf4j/slf4j-api/1.6.0/slf4j-api-1.6.0.jar ...[0m
[0m[[0m[0minfo[0m] [0m[0mdownloading https://repo1.maven.org/maven2/joda-time/joda-time/2.9.4/joda-time-2.9.4.jar ...[0m
[0m[[0m[0minfo[0m] [0m[0mdownloading https://repo1.maven.org/maven2/org/joda/joda-convert/1.2/joda-convert-1.2.jar ...[0m
[0m[[0m[0minfo[0m] [0m[0m	[SUCCESSFUL ] org.iq80.leveldb#leveldb;0.7!leveldb.jar (65ms)[0m
[0m[[0m[0minfo[0m] [0m[0m	[SUCCESSFUL ] io.circe#circe-parser_2.12;0.10.0!circe-parser_2.12.jar (66ms)[0m
[0m[[0m[0minfo[0m] [0m[0m	[SUCCESSFUL ] org.typelevel#cats-macros_2.12;1.4.0!cats-macros_2.12.jar (77ms)[0m
[0m[[0m[0minfo[0m] [0m[0m	[SUCCESSFUL ] com.thesamet.scalapb#lenses_2.12;0.8.1!lenses_2.12.jar (91ms)[0m
[0m[[0m[0minfo[0m] [0m[0m	[SUCCESSFUL ] org.iq80.leveldb#leveldb-api;0.7!leveldb-api.jar (101ms)[0m
[0m[[0m[0minfo[0m] [0m[0m	[SUCCESSFUL ] org.typelevel#macro-compat_2.12;1.1.1!macro-compat_2.12.jar (98ms)[0m
[0m[[0m[0minfo[0m] [0m[0m	[SUCCESSFUL ] io.circe#circe-jawn_2.12;0.10.0!circe-jawn_2.12.jar (99ms)[0m
[0m[[0m[0minfo[0m] [0m[0m	[SUCCESSFUL ] io.circe#circe-numbers_2.12;0.10.0!circe-numbers_2.12.jar (104ms)[0m
[0m[[0m[0minfo[0m] [0m[0m	[SUCCESSFUL ] org.scala-tools.testing#test-interface;0.5!test-interface.jar (104ms)[0m
[0m[[0m[0minfo[0m] [0m[0m	[SUCCESSFUL ] com.lihaoyi#fastparse-utils_2.12;1.0.0!fastparse-utils_2.12.jar (118ms)[0m
[0m[[0m[0minfo[0m] [0m[0m	[SUCCESSFUL ] org.typelevel#machinist_2.12;0.6.5!machinist_2.12.jar (121ms)[0m
[0m[[0m[0minfo[0m] [0m[0m	[SUCCESSFUL ] io.circe#circe-generic_2.12;0.10.0!circe-generic_2.12.jar (128ms)[0m
[0m[[0m[0minfo[0m] [0m[0m	[SUCCESSFUL ] com.thoughtworks.paranamer#paranamer;2.8!paranamer.jar(bundle) (119ms)[0m
[0m[[0m[0minfo[0m] [0m[0m	[SUCCESSFUL ] org.ow2.asm#asm;5.0.4!asm.jar (126ms)[0m
[0m[[0m[0minfo[0m] [0m[0m	[SUCCESSFUL ] com.fasterxml.jackson.core#jackson-annotations;2.8.4!jackson-annotations.jar(bundle) (130ms)[0m
[0m[[0m[0minfo[0m] [0m[0m	[SUCCESSFUL ] org.spire-math#jawn-parser_2.12;0.13.0!jawn-parser_2.12.jar (136ms)[0m
[0m[[0m[0minfo[0m] [0m[0m	[SUCCESSFUL ] org.mongodb#casbah-gridfs_2.12.0-RC1;3.1.1!casbah-gridfs_2.12.0-RC1.jar (128ms)[0m
[0m[[0m[0minfo[0m] [0m[0m	[SUCCESSFUL ] com.fasterxml.jackson.module#jackson-module-paranamer;2.8.4!jackson-module-paranamer.jar(bundle) (132ms)[0m
[0m[[0m[0minfo[0m] [0m[0m	[SUCCESSFUL ] com.lihaoyi#sourcecode_2.12;0.1.4!sourcecode_2.12.jar(bundle) (148ms)[0m
[0m[[0m[0minfo[0m] [0m[0m	[SUCCESSFUL ] org.slf4j#slf4j-api;1.6.0!slf4j-api.jar (121ms)[0m
[0m[[0m[0minfo[0m] [0m[0m	[SUCCESSFUL ] org.mongodb#casbah-commons_2.12.0-RC1;3.1.1!casbah-commons_2.12.0-RC1.jar (147ms)[0m
[0m[[0m[0minfo[0m] [0m[0m	[SUCCESSFUL ] org.joda#joda-convert;1.2!joda-convert.jar (130ms)[0m
[0m[[0m[0minfo[0m] [0m[0m	[SUCCESSFUL ] commons-io#commons-io;2.4!commons-io.jar (174ms)[0m
[0m[[0m[0minfo[0m] [0m[0m	[SUCCESSFUL ] org.mongodb#casbah-query_2.12.0-RC1;3.1.1!casbah-query_2.12.0-RC1.jar (177ms)[0m
[0m[[0m[0minfo[0m] [0m[0m	[SUCCESSFUL ] org.scala-lang.modules#scala-parser-combinators_2.12;1.0.4!scala-parser-combinators_2.12.jar(bundle) (196ms)[0m
[0m[[0m[0minfo[0m] [0m[0m	[SUCCESSFUL ] org.mongodb#casbah-core_2.12.0-RC1;3.1.1!casbah-core_2.12.0-RC1.jar (192ms)[0m
[0m[[0m[0minfo[0m] [0m[0m	[SUCCESSFUL ] com.github.nscala-time#nscala-time_2.12.0-RC1;2.14.0!nscala-time_2.12.0-RC1.jar (189ms)[0m
[0m[[0m[0minfo[0m] [0m[0m	[SUCCESSFUL ] com.lihaoyi#fastparse_2.12;1.0.0!fastparse_2.12.jar (213ms)[0m
[0m[[0m[0minfo[0m] [0m[0m	[SUCCESSFUL ] com.fasterxml.jackson.core#jackson-core;2.8.4!jackson-core.jar(bundle) (204ms)[0m
[0m[[0m[0minfo[0m] [0m[0m	[SUCCESSFUL ] io.spray#spray-json_2.12;1.3.2!spray-json_2.12.jar(bundle) (207ms)[0m
[0m[[0m[0minfo[0m] [0m[0m	[SUCCESSFUL ] com.typesafe#config;1.3.3!config.jar(bundle) (217ms)[0m
[0m[[0m[0minfo[0m] [0m[0m	[SUCCESSFUL ] com.storm-enroute#scalameter-core_2.12;0.8.2!scalameter-core_2.12.jar (211ms)[0m
[0m[[0m[0minfo[0m] [0m[0m	[SUCCESSFUL ] com.fasterxml.jackson.module#jackson-module-scala_2.12;2.8.4!jackson-module-scala_2.12.jar(bundle) (223ms)[0m
[0m[[0m[0minfo[0m] [0m[0m	[SUCCESSFUL ] org.apache.commons#commons-lang3;3.4!commons-lang3.jar (230ms)[0m
[0m[[0m[0minfo[0m] [0m[0m	[SUCCESSFUL ] com.typesafe.akka#akka-protobuf_2.12;2.5.18!akka-protobuf_2.12.jar (242ms)[0m
[0m[[0m[0minfo[0m] [0m[0m	[SUCCESSFUL ] org.scala-lang.modules#scala-xml_2.12;1.0.5!scala-xml_2.12.jar(bundle) (247ms)[0m
[0m[[0m[0minfo[0m] [0m[0m	[SUCCESSFUL ] com.storm-enroute#scalameter_2.12;0.8.2!scalameter_2.12.jar (262ms)[0m
[0m[[0m[0minfo[0m] [0m[0m	[SUCCESSFUL ] joda-time#joda-time;2.9.4!joda-time.jar (231ms)[0m
[0m[[0m[0minfo[0m] [0m[0m	[SUCCESSFUL ] io.circe#circe-core_2.12;0.10.0!circe-core_2.12.jar (308ms)[0m
[0m[[0m[0minfo[0m] [0m[0m	[SUCCESSFUL ] org.scala-lang.modules#scala-java8-compat_2.12;0.8.0!scala-java8-compat_2.12.jar(bundle) (309ms)[0m
[0m[[0m[0minfo[0m] [0m[0m	[SUCCESSFUL ] com.typesafe.akka#akka-persistence_2.12;2.5.18!akka-persistence_2.12.jar (315ms)[0m
[0m[[0m[0minfo[0m] [0m[0m	[SUCCESSFUL ] org.fusesource.leveldbjni#leveldbjni-all;1.8!leveldbjni-all.jar(bundle) (317ms)[0m
[0m[[0m[0minfo[0m] [0m[0m	[SUCCESSFUL ] com.fasterxml.jackson.core#jackson-databind;2.8.4!jackson-databind.jar(bundle) (309ms)[0m
[0m[[0m[0minfo[0m] [0m[0m	[SUCCESSFUL ] org.mongodb#mongo-java-driver;3.2.2!mongo-java-driver.jar (317ms)[0m
[0m[[0m[0minfo[0m] [0m[0m	[SUCCESSFUL ] org.apache.commons#commons-math3;3.2!commons-math3.jar (338ms)[0m
[0m[[0m[0minfo[0m] [0m[0m	[SUCCESSFUL ] com.google.guava#guava;16.0.1!guava.jar(bundle) (370ms)[0m
[0m[[0m[0minfo[0m] [0m[0m	[SUCCESSFUL ] org.typelevel#cats-kernel_2.12;1.4.0!cats-kernel_2.12.jar (398ms)[0m
[0m[[0m[0minfo[0m] [0m[0m	[SUCCESSFUL ] com.chuusai#shapeless_2.12;2.3.3!shapeless_2.12.jar(bundle) (399ms)[0m
[0m[[0m[0minfo[0m] [0m[0m	[SUCCESSFUL ] org.typelevel#cats-core_2.12;1.4.0!cats-core_2.12.jar (413ms)[0m
[0m[[0m[0minfo[0m] [0m[0m	[SUCCESSFUL ] com.typesafe.akka#akka-actor_2.12;2.5.18!akka-actor_2.12.jar (427ms)[0m
[0m[[0m[0minfo[0m] [0m[0m	[SUCCESSFUL ] com.thesamet.scalapb#scalapb-runtime_2.12;0.8.1!scalapb-runtime_2.12.jar (435ms)[0m
[0m[[0m[0minfo[0m] [0m[0mDone updating.[0m
[0m[[0m[33mwarn[0m] [0m[0mThere may be incompatibilities among your library dependencies.[0m
[0m[[0m[33mwarn[0m] [0m[0mRun 'evicted' to see detailed eviction warnings[0m
[0m[[0m[0minfo[0m] [0m[0mCompiling 1 protobuf files to /home/ubuntu/akka-serialization-comparision/target/scala-2.12/src_managed/main[0m
[0m[[0m[0minfo[0m] [0m[0mCompiling schema /home/ubuntu/akka-serialization-comparision/src/main/protobuf/protobuf.proto[0m
protoc-jar: protoc version: 3.6.0, detected platform: linux-x86_64 (linux/amd64)
protoc-jar: embedded: bin/3.6.0/protoc-3.6.0-linux-x86_64.exe
protoc-jar: executing: [/tmp/protocjar15037905265285619435/bin/protoc.exe, --plugin=protoc-gen-scala=/tmp/protocbridge2954700247563615273, --scala_out=grpc:/home/ubuntu/akka-serialization-comparision/target/scala-2.12/src_managed/main, -I/home/ubuntu/akka-serialization-comparision/src/main/protobuf, -I/home/ubuntu/akka-serialization-comparision/target/protobuf_external, -I/home/ubuntu/akka-serialization-comparision/src/main/protobuf, -I/home/ubuntu/akka-serialization-comparision/target/protobuf_external, /home/ubuntu/akka-serialization-comparision/src/main/protobuf/protobuf.proto]
[0m[[0m[0minfo[0m] [0m[0mCompiling protobuf[0m
[0m[[0m[0minfo[0m] [0m[0mProtoc target directory: /home/ubuntu/akka-serialization-comparision/target/scala-2.12/src_managed/main[0m
[0m[[0m[0minfo[0m] [0m[0mCompiling 33 Scala sources and 7 Java sources to /home/ubuntu/akka-serialization-comparision/target/scala-2.12/classes ...[0m
[0m[[0m[0minfo[0m] [0m[0mNon-compiled module 'compiler-bridge_2.12' for Scala 2.12.7. Compiling...[0m
[0m[[0m[0minfo[0m] [0m[0m  Compilation completed in 5.017s.[0m
[0m[[0m[33mwarn[0m] [0m[0mthere were 11 feature warnings; re-run with -feature for details[0m
[0m[[0m[33mwarn[0m] [0m[0mone warning found[0m
[0m[[0m[0minfo[0m] [0m[0mDone compiling.[0m
[0m[[0m[0minfo[0m] [0m[0mPackaging /home/ubuntu/akka-serialization-comparision/target/scala-2.12/akka-serialization-comparision_2.12-0.1.jar ...[0m
[0m[[0m[0minfo[0m] [0m[0mDone packaging.[0m
[0m[[0m[0minfo[0m] [0m[0mRunning de.maxbundscherer.akka.serializationcomparision.Main [0m
[DEBUG] [01/04/2019 09:19:58.656] [run-main-0] [EventStream(akka://actorSystem-java)] logger log1-Logging$DefaultLogger started
[DEBUG] [01/04/2019 09:19:58.657] [run-main-0] [EventStream(akka://actorSystem-java)] Default Loggers started
[INFO] [01/04/2019 09:19:58.711] [run-main-0] [akka.actor.ActorSystemImpl(actorSystem-java)] --- Start Experiment (modeValue='java') ---
[DEBUG] [01/04/2019 09:19:58.722] [actorSystem-java-akka.actor.default-dispatcher-2] [akka.persistence.Persistence(akka://actorSystem-java)] Create plugin: akka.persistence.journal.leveldb akka.persistence.journal.leveldb.LeveldbJournal
[DEBUG] [01/04/2019 09:19:58.760] [actorSystem-java-akka.actor.default-dispatcher-2] [akka://actorSystem-java/user/$a] Actor online
[DEBUG] [01/04/2019 09:19:58.762] [actorSystem-java-akka.actor.default-dispatcher-2] [akka.persistence.Persistence(akka://actorSystem-java)] Create plugin: akka.persistence.snapshot-store.local akka.persistence.snapshot.local.LocalSnapshotStore
[DEBUG] [01/04/2019 09:19:58.858] [actorSystem-java-akka.actor.default-dispatcher-3] [akka://actorSystem-java/user/$a] RecoveryCompleted
[INFO] [01/04/2019 09:19:58.868] [run-main-0] [akka.actor.ActorSystemImpl(actorSystem-java)] Test AddCar (100000 operations)
[DEBUG] [01/04/2019 09:20:08.185] [actorSystem-java-akka.persistence.dispatchers.default-plugin-dispatcher-7] [akka.serialization.Serialization(akka://actorSystem-java)] Using serializer [akka.persistence.serialization.MessageSerializer] for message [akka.persistence.PersistentImpl]
[DEBUG] [01/04/2019 09:20:08.200] [actorSystem-java-akka.persistence.dispatchers.default-plugin-dispatcher-7] [akka.serialization.Serialization(akka://actorSystem-java)] Using serializer [de.maxbundscherer.akka.serializationcomparision.serializer.JavaSerializer] for message [de.maxbundscherer.akka.serializationcomparision.persistence.CarGarageAggregate$AddCarEvt]
[DEBUG] [01/04/2019 09:21:32.175] [actorSystem-java-akka.actor.default-dispatcher-2] [akka://actorSystem-java/user/$a] Do snapshot now
[INFO] [01/04/2019 09:21:32.176] [run-main-0] [akka.actor.ActorSystemImpl(actorSystem-java)] Test AddComplexCar (100000 operations)
[DEBUG] [01/04/2019 09:21:32.177] [actorSystem-java-akka.persistence.dispatchers.default-plugin-dispatcher-7] [akka.serialization.Serialization(akka://actorSystem-java)] Using serializer [de.maxbundscherer.akka.serializationcomparision.serializer.JavaSerializer] for message [de.maxbundscherer.akka.serializationcomparision.persistence.CarGarageAggregate$AddComplexCarEvt]
[DEBUG] [01/04/2019 09:21:32.490] [actorSystem-java-akka.actor.default-dispatcher-2] [akka://actorSystem-java/user/$a] SaveSnapshotSuccess
[DEBUG] [01/04/2019 09:23:14.442] [actorSystem-java-akka.actor.default-dispatcher-6] [akka://actorSystem-java/user/$a] Do snapshot now
[INFO] [01/04/2019 09:23:14.443] [run-main-0] [akka.actor.ActorSystemImpl(actorSystem-java)] Test UpdateCar (1000000 operations)
[ERROR] [01/04/2019 09:23:14.447] [actorSystem-java-akka.actor.default-dispatcher-3] [akka://actorSystem-java/user/$a] Simulate crash
java.lang.RuntimeException: Simulate crash
	at de.maxbundscherer.akka.serializationcomparision.actors.CarGarageActor.de$maxbundscherer$akka$serializationcomparision$actors$CarGarageActor$$processCommand(CarGarageActor.scala:148)
	at de.maxbundscherer.akka.serializationcomparision.actors.CarGarageActor$$anonfun$receiveCommand$1.applyOrElse(CarGarageActor.scala:92)
	at akka.actor.Actor.aroundReceive(Actor.scala:517)
	at akka.actor.Actor.aroundReceive$(Actor.scala:515)
	at de.maxbundscherer.akka.serializationcomparision.actors.CarGarageActor.akka$persistence$Eventsourced$$super$aroundReceive(CarGarageActor.scala:39)
	at akka.persistence.Eventsourced$$anon$1.stateReceive(Eventsourced.scala:753)
	at akka.persistence.Eventsourced.aroundReceive(Eventsourced.scala:222)
	at akka.persistence.Eventsourced.aroundReceive$(Eventsourced.scala:221)
	at de.maxbundscherer.akka.serializationcomparision.actors.CarGarageActor.aroundReceive(CarGarageActor.scala:39)
	at akka.actor.ActorCell.receiveMessage(ActorCell.scala:588)
	at akka.actor.ActorCell.invoke(ActorCell.scala:557)
	at akka.dispatch.Mailbox.processMailbox(Mailbox.scala:258)
	at akka.dispatch.Mailbox.run(Mailbox.scala:225)
	at akka.dispatch.Mailbox.exec(Mailbox.scala:235)
	at akka.dispatch.forkjoin.ForkJoinTask.doExec(ForkJoinTask.java:260)
	at akka.dispatch.forkjoin.ForkJoinPool$WorkQueue.runTask(ForkJoinPool.java:1339)
	at akka.dispatch.forkjoin.ForkJoinPool.runWorker(ForkJoinPool.java:1979)
	at akka.dispatch.forkjoin.ForkJoinWorkerThread.run(ForkJoinWorkerThread.java:107)

[DEBUG] [01/04/2019 09:23:14.450] [actorSystem-java-akka.actor.default-dispatcher-2] [akka://actorSystem-java/user/$a] Actor online
[DEBUG] [01/04/2019 09:23:15.208] [actorSystem-java-akka.actor.default-dispatcher-2] [akka://actorSystem-java/user/$a] Restore from snapshot
[DEBUG] [01/04/2019 09:23:15.214] [actorSystem-java-akka.persistence.dispatchers.default-replay-dispatcher-16] [akka.serialization.Serialization(akka://actorSystem-java)] Using serializer [akka.persistence.serialization.MessageSerializer] for message [akka.persistence.PersistentRepr]
[DEBUG] [01/04/2019 09:23:21.628] [actorSystem-java-akka.actor.default-dispatcher-22] [akka://actorSystem-java/user/$a] RecoveryCompleted
[DEBUG] [01/04/2019 09:23:21.628] [actorSystem-java-akka.persistence.dispatchers.default-plugin-dispatcher-7] [akka.serialization.Serialization(akka://actorSystem-java)] Using serializer [de.maxbundscherer.akka.serializationcomparision.serializer.JavaSerializer] for message [de.maxbundscherer.akka.serializationcomparision.persistence.CarGarageAggregate$UpdateCarEvt]
[DEBUG] [01/04/2019 09:23:21.631] [actorSystem-java-akka.actor.default-dispatcher-22] [akka://actorSystem-java/user/$a] SaveSnapshotSuccess
[DEBUG] [01/04/2019 09:24:45.716] [actorSystem-java-akka.actor.default-dispatcher-22] [akka://actorSystem-java/user/$a] Do snapshot now
[DEBUG] [01/04/2019 09:24:46.400] [actorSystem-java-akka.actor.default-dispatcher-22] [akka://actorSystem-java/user/$a] SaveSnapshotSuccess
[DEBUG] [01/04/2019 09:26:10.093] [actorSystem-java-akka.actor.default-dispatcher-18] [akka://actorSystem-java/user/$a] Do snapshot now
[DEBUG] [01/04/2019 09:26:10.780] [actorSystem-java-akka.actor.default-dispatcher-22] [akka://actorSystem-java/user/$a] SaveSnapshotSuccess
[DEBUG] [01/04/2019 09:27:34.351] [actorSystem-java-akka.actor.default-dispatcher-18] [akka://actorSystem-java/user/$a] Do snapshot now
[DEBUG] [01/04/2019 09:27:35.024] [actorSystem-java-akka.actor.default-dispatcher-22] [akka://actorSystem-java/user/$a] SaveSnapshotSuccess
[DEBUG] [01/04/2019 09:28:58.219] [actorSystem-java-akka.actor.default-dispatcher-18] [akka://actorSystem-java/user/$a] Do snapshot now
[DEBUG] [01/04/2019 09:28:58.879] [actorSystem-java-akka.actor.default-dispatcher-18] [akka://actorSystem-java/user/$a] SaveSnapshotSuccess
[DEBUG] [01/04/2019 09:30:21.877] [actorSystem-java-akka.actor.default-dispatcher-18] [akka://actorSystem-java/user/$a] Do snapshot now
[DEBUG] [01/04/2019 09:30:22.522] [actorSystem-java-akka.actor.default-dispatcher-18] [akka://actorSystem-java/user/$a] SaveSnapshotSuccess
[DEBUG] [01/04/2019 09:31:46.678] [actorSystem-java-akka.actor.default-dispatcher-5] [akka://actorSystem-java/user/$a] Do snapshot now
[DEBUG] [01/04/2019 09:31:47.308] [actorSystem-java-akka.actor.default-dispatcher-21] [akka://actorSystem-java/user/$a] SaveSnapshotSuccess
[DEBUG] [01/04/2019 09:33:10.630] [actorSystem-java-akka.actor.default-dispatcher-18] [akka://actorSystem-java/user/$a] Do snapshot now
[DEBUG] [01/04/2019 09:33:11.274] [actorSystem-java-akka.actor.default-dispatcher-5] [akka://actorSystem-java/user/$a] SaveSnapshotSuccess
[DEBUG] [01/04/2019 09:34:34.595] [actorSystem-java-akka.actor.default-dispatcher-21] [akka://actorSystem-java/user/$a] Do snapshot now
[DEBUG] [01/04/2019 09:34:35.239] [actorSystem-java-akka.actor.default-dispatcher-18] [akka://actorSystem-java/user/$a] SaveSnapshotSuccess
[DEBUG] [01/04/2019 09:35:57.939] [actorSystem-java-akka.actor.default-dispatcher-21] [akka://actorSystem-java/user/$a] Do snapshot now
[DEBUG] [01/04/2019 09:35:58.593] [actorSystem-java-akka.actor.default-dispatcher-21] [akka://actorSystem-java/user/$a] SaveSnapshotSuccess
[DEBUG] [01/04/2019 09:37:20.452] [actorSystem-java-akka.actor.default-dispatcher-21] [akka://actorSystem-java/user/$a] Do snapshot now
[INFO] [01/04/2019 09:37:20.453] [run-main-0] [akka.actor.ActorSystemImpl(actorSystem-java)] Test UpdateComplexCar (1000000 operations)
[DEBUG] [01/04/2019 09:37:20.459] [actorSystem-java-akka.persistence.dispatchers.default-plugin-dispatcher-7] [akka.serialization.Serialization(akka://actorSystem-java)] Using serializer [de.maxbundscherer.akka.serializationcomparision.serializer.JavaSerializer] for message [de.maxbundscherer.akka.serializationcomparision.persistence.CarGarageAggregate$UpdateComplexCarEvt]
[DEBUG] [01/04/2019 09:37:21.058] [actorSystem-java-akka.actor.default-dispatcher-22] [akka://actorSystem-java/user/$a] SaveSnapshotSuccess
[DEBUG] [01/04/2019 09:39:02.652] [actorSystem-java-akka.actor.default-dispatcher-22] [akka://actorSystem-java/user/$a] Do snapshot now
[DEBUG] [01/04/2019 09:39:03.341] [actorSystem-java-akka.actor.default-dispatcher-21] [akka://actorSystem-java/user/$a] SaveSnapshotSuccess
[DEBUG] [01/04/2019 09:40:43.007] [actorSystem-java-akka.actor.default-dispatcher-22] [akka://actorSystem-java/user/$a] Do snapshot now
[DEBUG] [01/04/2019 09:40:43.652] [actorSystem-java-akka.actor.default-dispatcher-21] [akka://actorSystem-java/user/$a] SaveSnapshotSuccess
[DEBUG] [01/04/2019 09:42:23.756] [actorSystem-java-akka.actor.default-dispatcher-5] [akka://actorSystem-java/user/$a] Do snapshot now
[DEBUG] [01/04/2019 09:42:24.453] [actorSystem-java-akka.actor.default-dispatcher-22] [akka://actorSystem-java/user/$a] SaveSnapshotSuccess
[DEBUG] [01/04/2019 09:44:05.969] [actorSystem-java-akka.actor.default-dispatcher-5] [akka://actorSystem-java/user/$a] Do snapshot now
[DEBUG] [01/04/2019 09:44:06.654] [actorSystem-java-akka.actor.default-dispatcher-5] [akka://actorSystem-java/user/$a] SaveSnapshotSuccess
[DEBUG] [01/04/2019 09:45:49.517] [actorSystem-java-akka.actor.default-dispatcher-18] [akka://actorSystem-java/user/$a] Do snapshot now
[DEBUG] [01/04/2019 09:45:50.203] [actorSystem-java-akka.actor.default-dispatcher-18] [akka://actorSystem-java/user/$a] SaveSnapshotSuccess
[DEBUG] [01/04/2019 09:47:33.206] [actorSystem-java-akka.actor.default-dispatcher-5] [akka://actorSystem-java/user/$a] Do snapshot now
[DEBUG] [01/04/2019 09:47:33.875] [actorSystem-java-akka.actor.default-dispatcher-21] [akka://actorSystem-java/user/$a] SaveSnapshotSuccess
[DEBUG] [01/04/2019 09:49:17.645] [actorSystem-java-akka.actor.default-dispatcher-21] [akka://actorSystem-java/user/$a] Do snapshot now
[DEBUG] [01/04/2019 09:49:18.326] [actorSystem-java-akka.actor.default-dispatcher-22] [akka://actorSystem-java/user/$a] SaveSnapshotSuccess
[DEBUG] [01/04/2019 09:51:03.162] [actorSystem-java-akka.actor.default-dispatcher-5] [akka://actorSystem-java/user/$a] Do snapshot now
[DEBUG] [01/04/2019 09:51:03.839] [actorSystem-java-akka.actor.default-dispatcher-5] [akka://actorSystem-java/user/$a] SaveSnapshotSuccess
[DEBUG] [01/04/2019 09:52:48.852] [actorSystem-java-akka.actor.default-dispatcher-22] [akka://actorSystem-java/user/$a] Do snapshot now
[DEBUG] [01/04/2019 09:52:49.498] [actorSystem-java-akka.actor.default-dispatcher-5] [akka://actorSystem-java/user/$a] SaveSnapshotSuccess
[DEBUG] [01/04/2019 09:54:34.595] [actorSystem-java-akka.actor.default-dispatcher-22] [akka://actorSystem-java/user/$a] Do snapshot now
[ERROR] [01/04/2019 09:54:34.596] [actorSystem-java-akka.actor.default-dispatcher-22] [akka://actorSystem-java/user/$a] Simulate crash
java.lang.RuntimeException: Simulate crash
	at de.maxbundscherer.akka.serializationcomparision.actors.CarGarageActor.de$maxbundscherer$akka$serializationcomparision$actors$CarGarageActor$$processCommand(CarGarageActor.scala:148)
	at de.maxbundscherer.akka.serializationcomparision.actors.CarGarageActor$$anonfun$receiveCommand$1.applyOrElse(CarGarageActor.scala:92)
	at akka.actor.Actor.aroundReceive(Actor.scala:517)
	at akka.actor.Actor.aroundReceive$(Actor.scala:515)
	at de.maxbundscherer.akka.serializationcomparision.actors.CarGarageActor.akka$persistence$Eventsourced$$super$aroundReceive(CarGarageActor.scala:39)
	at akka.persistence.Eventsourced$$anon$1.stateReceive(Eventsourced.scala:753)
	at akka.persistence.Eventsourced.aroundReceive(Eventsourced.scala:222)
	at akka.persistence.Eventsourced.aroundReceive$(Eventsourced.scala:221)
	at de.maxbundscherer.akka.serializationcomparision.actors.CarGarageActor.aroundReceive(CarGarageActor.scala:39)
	at akka.actor.ActorCell.receiveMessage(ActorCell.scala:588)
	at akka.actor.ActorCell.invoke(ActorCell.scala:557)
	at akka.dispatch.Mailbox.processMailbox(Mailbox.scala:258)
	at akka.dispatch.Mailbox.run(Mailbox.scala:225)
	at akka.dispatch.Mailbox.exec(Mailbox.scala:235)
	at akka.dispatch.forkjoin.ForkJoinTask.doExec(ForkJoinTask.java:260)
	at akka.dispatch.forkjoin.ForkJoinPool$WorkQueue.runTask(ForkJoinPool.java:1339)
	at akka.dispatch.forkjoin.ForkJoinPool.runWorker(ForkJoinPool.java:1979)
	at akka.dispatch.forkjoin.ForkJoinWorkerThread.run(ForkJoinWorkerThread.java:107)

[DEBUG] [01/04/2019 09:54:34.597] [actorSystem-java-akka.actor.default-dispatcher-21] [akka://actorSystem-java/user/$a] Actor online
[DEBUG] [01/04/2019 09:54:36.372] [actorSystem-java-akka.actor.default-dispatcher-22] [akka://actorSystem-java/user/$a] Restore from snapshot
[DEBUG] [01/04/2019 09:54:41.779] [actorSystem-java-akka.actor.default-dispatcher-18] [akka://actorSystem-java/user/$a] RecoveryCompleted
[DEBUG] [01/04/2019 09:54:41.797] [actorSystem-java-akka.actor.default-dispatcher-18] [akka://actorSystem-java/user/$a] SaveSnapshotSuccess
[INFO] [01/04/2019 09:54:41.828] [run-main-0] [akka.actor.ActorSystemImpl(actorSystem-java)] StopTimeMeasurement: 2083 seconds
[INFO] [01/04/2019 09:54:41.828] [run-main-0] [akka.actor.ActorSystemImpl(actorSystem-java)] --- End Experiment (modeValue='java') ---
[DEBUG] [01/04/2019 09:54:42.838] [run-main-0] [EventStream(akka://actorSystem-json)] logger log1-Logging$DefaultLogger started
[DEBUG] [01/04/2019 09:54:42.838] [run-main-0] [EventStream(akka://actorSystem-json)] Default Loggers started
[INFO] [01/04/2019 09:54:42.866] [run-main-0] [akka.actor.ActorSystemImpl(actorSystem-json)] --- Start Experiment (modeValue='json') ---
[DEBUG] [01/04/2019 09:54:42.868] [actorSystem-json-akka.actor.default-dispatcher-6] [akka.persistence.Persistence(akka://actorSystem-json)] Create plugin: akka.persistence.journal.leveldb akka.persistence.journal.leveldb.LeveldbJournal
[DEBUG] [01/04/2019 09:54:42.871] [actorSystem-json-akka.actor.default-dispatcher-6] [akka://actorSystem-json/user/$a] Actor online
[DEBUG] [01/04/2019 09:54:42.871] [actorSystem-json-akka.actor.default-dispatcher-6] [akka.persistence.Persistence(akka://actorSystem-json)] Create plugin: akka.persistence.snapshot-store.local akka.persistence.snapshot.local.LocalSnapshotStore
[DEBUG] [01/04/2019 09:54:42.895] [actorSystem-json-akka.actor.default-dispatcher-5] [akka://actorSystem-json/user/$a] RecoveryCompleted
[INFO] [01/04/2019 09:54:42.897] [run-main-0] [akka.actor.ActorSystemImpl(actorSystem-json)] Test AddCar (100000 operations)
[DEBUG] [01/04/2019 09:54:42.897] [actorSystem-json-akka.persistence.dispatchers.default-plugin-dispatcher-7] [akka.serialization.Serialization(akka://actorSystem-json)] Using serializer [akka.persistence.serialization.MessageSerializer] for message [akka.persistence.PersistentImpl]
[DEBUG] [01/04/2019 09:54:42.897] [actorSystem-json-akka.persistence.dispatchers.default-plugin-dispatcher-7] [akka.serialization.Serialization(akka://actorSystem-json)] Using serializer [de.maxbundscherer.akka.serializationcomparision.serializer.JsonSerializer] for message [de.maxbundscherer.akka.serializationcomparision.persistence.CarGarageAggregate$AddCarEvt]
[DEBUG] [01/04/2019 09:56:00.108] [actorSystem-json-akka.actor.default-dispatcher-4] [akka://actorSystem-json/user/$a] Do snapshot now
[INFO] [01/04/2019 09:56:00.108] [run-main-0] [akka.actor.ActorSystemImpl(actorSystem-json)] Test AddComplexCar (100000 operations)
[DEBUG] [01/04/2019 09:56:00.109] [actorSystem-json-akka.persistence.dispatchers.default-plugin-dispatcher-7] [akka.serialization.Serialization(akka://actorSystem-json)] Using serializer [de.maxbundscherer.akka.serializationcomparision.serializer.JsonSerializer] for message [de.maxbundscherer.akka.serializationcomparision.persistence.CarGarageAggregate$AddComplexCarEvt]
[DEBUG] [01/04/2019 09:56:00.725] [actorSystem-json-akka.actor.default-dispatcher-6] [akka://actorSystem-json/user/$a] SaveSnapshotSuccess
[DEBUG] [01/04/2019 09:57:39.120] [actorSystem-json-akka.actor.default-dispatcher-6] [akka://actorSystem-json/user/$a] Do snapshot now
[INFO] [01/04/2019 09:57:39.120] [run-main-0] [akka.actor.ActorSystemImpl(actorSystem-json)] Test UpdateCar (1000000 operations)
[ERROR] [01/04/2019 09:57:39.121] [actorSystem-json-akka.actor.default-dispatcher-6] [akka://actorSystem-json/user/$a] Simulate crash
java.lang.RuntimeException: Simulate crash
	at de.maxbundscherer.akka.serializationcomparision.actors.CarGarageActor.de$maxbundscherer$akka$serializationcomparision$actors$CarGarageActor$$processCommand(CarGarageActor.scala:148)
	at de.maxbundscherer.akka.serializationcomparision.actors.CarGarageActor$$anonfun$receiveCommand$1.applyOrElse(CarGarageActor.scala:92)
	at akka.actor.Actor.aroundReceive(Actor.scala:517)
	at akka.actor.Actor.aroundReceive$(Actor.scala:515)
	at de.maxbundscherer.akka.serializationcomparision.actors.CarGarageActor.akka$persistence$Eventsourced$$super$aroundReceive(CarGarageActor.scala:39)
	at akka.persistence.Eventsourced$$anon$1.stateReceive(Eventsourced.scala:753)
	at akka.persistence.Eventsourced.aroundReceive(Eventsourced.scala:222)
	at akka.persistence.Eventsourced.aroundReceive$(Eventsourced.scala:221)
	at de.maxbundscherer.akka.serializationcomparision.actors.CarGarageActor.aroundReceive(CarGarageActor.scala:39)
	at akka.actor.ActorCell.receiveMessage(ActorCell.scala:588)
	at akka.actor.ActorCell.invoke(ActorCell.scala:557)
	at akka.dispatch.Mailbox.processMailbox(Mailbox.scala:258)
	at akka.dispatch.Mailbox.run(Mailbox.scala:225)
	at akka.dispatch.Mailbox.exec(Mailbox.scala:235)
	at akka.dispatch.forkjoin.ForkJoinTask.doExec(ForkJoinTask.java:260)
	at akka.dispatch.forkjoin.ForkJoinPool$WorkQueue.runTask(ForkJoinPool.java:1339)
	at akka.dispatch.forkjoin.ForkJoinPool.runWorker(ForkJoinPool.java:1979)
	at akka.dispatch.forkjoin.ForkJoinWorkerThread.run(ForkJoinWorkerThread.java:107)

[DEBUG] [01/04/2019 09:57:39.121] [actorSystem-json-akka.actor.default-dispatcher-6] [akka://actorSystem-json/user/$a] Actor online
[DEBUG] [01/04/2019 09:57:39.939] [actorSystem-json-akka.actor.default-dispatcher-4] [akka://actorSystem-json/user/$a] Restore from snapshot
[DEBUG] [01/04/2019 09:57:39.944] [actorSystem-json-akka.persistence.dispatchers.default-replay-dispatcher-16] [akka.serialization.Serialization(akka://actorSystem-json)] Using serializer [akka.persistence.serialization.MessageSerializer] for message [akka.persistence.PersistentRepr]
[DEBUG] [01/04/2019 09:57:42.289] [actorSystem-json-akka.actor.default-dispatcher-20] [akka://actorSystem-json/user/$a] RecoveryCompleted
[DEBUG] [01/04/2019 09:57:42.290] [actorSystem-json-akka.persistence.dispatchers.default-plugin-dispatcher-7] [akka.serialization.Serialization(akka://actorSystem-json)] Using serializer [de.maxbundscherer.akka.serializationcomparision.serializer.JsonSerializer] for message [de.maxbundscherer.akka.serializationcomparision.persistence.CarGarageAggregate$UpdateCarEvt]
[DEBUG] [01/04/2019 09:57:42.296] [actorSystem-json-akka.actor.default-dispatcher-19] [akka://actorSystem-json/user/$a] SaveSnapshotSuccess
[DEBUG] [01/04/2019 09:58:59.576] [actorSystem-json-akka.actor.default-dispatcher-19] [akka://actorSystem-json/user/$a] Do snapshot now
[DEBUG] [01/04/2019 09:59:01.534] [actorSystem-json-akka.actor.default-dispatcher-6] [akka://actorSystem-json/user/$a] SaveSnapshotSuccess
[DEBUG] [01/04/2019 10:00:18.597] [actorSystem-json-akka.actor.default-dispatcher-19] [akka://actorSystem-json/user/$a] Do snapshot now
[DEBUG] [01/04/2019 10:00:20.576] [actorSystem-json-akka.actor.default-dispatcher-2] [akka://actorSystem-json/user/$a] SaveSnapshotSuccess
[DEBUG] [01/04/2019 10:01:37.590] [actorSystem-json-akka.actor.default-dispatcher-2] [akka://actorSystem-json/user/$a] Do snapshot now
[DEBUG] [01/04/2019 10:01:39.534] [actorSystem-json-akka.actor.default-dispatcher-2] [akka://actorSystem-json/user/$a] SaveSnapshotSuccess
[DEBUG] [01/04/2019 10:02:56.340] [actorSystem-json-akka.actor.default-dispatcher-19] [akka://actorSystem-json/user/$a] Do snapshot now
[DEBUG] [01/04/2019 10:02:58.252] [actorSystem-json-akka.actor.default-dispatcher-2] [akka://actorSystem-json/user/$a] SaveSnapshotSuccess
[DEBUG] [01/04/2019 10:04:15.862] [actorSystem-json-akka.actor.default-dispatcher-18] [akka://actorSystem-json/user/$a] Do snapshot now
[DEBUG] [01/04/2019 10:04:17.760] [actorSystem-json-akka.actor.default-dispatcher-6] [akka://actorSystem-json/user/$a] SaveSnapshotSuccess
[DEBUG] [01/04/2019 10:05:35.003] [actorSystem-json-akka.actor.default-dispatcher-2] [akka://actorSystem-json/user/$a] Do snapshot now
[DEBUG] [01/04/2019 10:05:36.950] [actorSystem-json-akka.actor.default-dispatcher-6] [akka://actorSystem-json/user/$a] SaveSnapshotSuccess
[DEBUG] [01/04/2019 10:06:54.053] [actorSystem-json-akka.actor.default-dispatcher-18] [akka://actorSystem-json/user/$a] Do snapshot now
[DEBUG] [01/04/2019 10:06:55.977] [actorSystem-json-akka.actor.default-dispatcher-6] [akka://actorSystem-json/user/$a] SaveSnapshotSuccess
[DEBUG] [01/04/2019 10:08:12.171] [actorSystem-json-akka.actor.default-dispatcher-6] [akka://actorSystem-json/user/$a] Do snapshot now
[DEBUG] [01/04/2019 10:08:14.089] [actorSystem-json-akka.actor.default-dispatcher-2] [akka://actorSystem-json/user/$a] SaveSnapshotSuccess
[DEBUG] [01/04/2019 10:09:29.009] [actorSystem-json-akka.actor.default-dispatcher-18] [akka://actorSystem-json/user/$a] Do snapshot now
[DEBUG] [01/04/2019 10:09:30.960] [actorSystem-json-akka.actor.default-dispatcher-6] [akka://actorSystem-json/user/$a] SaveSnapshotSuccess
[DEBUG] [01/04/2019 10:10:46.024] [actorSystem-json-akka.actor.default-dispatcher-19] [akka://actorSystem-json/user/$a] Do snapshot now
[INFO] [01/04/2019 10:10:46.025] [run-main-0] [akka.actor.ActorSystemImpl(actorSystem-json)] Test UpdateComplexCar (1000000 operations)
[DEBUG] [01/04/2019 10:10:46.025] [actorSystem-json-akka.persistence.dispatchers.default-plugin-dispatcher-7] [akka.serialization.Serialization(akka://actorSystem-json)] Using serializer [de.maxbundscherer.akka.serializationcomparision.serializer.JsonSerializer] for message [de.maxbundscherer.akka.serializationcomparision.persistence.CarGarageAggregate$UpdateComplexCarEvt]
[DEBUG] [01/04/2019 10:10:48.019] [actorSystem-json-akka.actor.default-dispatcher-18] [akka://actorSystem-json/user/$a] SaveSnapshotSuccess
[DEBUG] [01/04/2019 10:12:25.261] [actorSystem-json-akka.actor.default-dispatcher-19] [akka://actorSystem-json/user/$a] Do snapshot now
[DEBUG] [01/04/2019 10:12:27.351] [actorSystem-json-akka.actor.default-dispatcher-19] [akka://actorSystem-json/user/$a] SaveSnapshotSuccess
[DEBUG] [01/04/2019 10:14:05.767] [actorSystem-json-akka.actor.default-dispatcher-2] [akka://actorSystem-json/user/$a] Do snapshot now
[DEBUG] [01/04/2019 10:14:08.003] [actorSystem-json-akka.actor.default-dispatcher-18] [akka://actorSystem-json/user/$a] SaveSnapshotSuccess
[DEBUG] [01/04/2019 10:15:45.046] [actorSystem-json-akka.actor.default-dispatcher-18] [akka://actorSystem-json/user/$a] Do snapshot now
[DEBUG] [01/04/2019 10:15:47.099] [actorSystem-json-akka.actor.default-dispatcher-2] [akka://actorSystem-json/user/$a] SaveSnapshotSuccess
[DEBUG] [01/04/2019 10:17:23.252] [actorSystem-json-akka.actor.default-dispatcher-2] [akka://actorSystem-json/user/$a] Do snapshot now
[DEBUG] [01/04/2019 10:17:25.236] [actorSystem-json-akka.actor.default-dispatcher-2] [akka://actorSystem-json/user/$a] SaveSnapshotSuccess
[DEBUG] [01/04/2019 10:19:02.025] [actorSystem-json-akka.actor.default-dispatcher-6] [akka://actorSystem-json/user/$a] Do snapshot now
[DEBUG] [01/04/2019 10:19:04.118] [actorSystem-json-akka.actor.default-dispatcher-2] [akka://actorSystem-json/user/$a] SaveSnapshotSuccess
[DEBUG] [01/04/2019 10:20:40.999] [actorSystem-json-akka.actor.default-dispatcher-2] [akka://actorSystem-json/user/$a] Do snapshot now
[DEBUG] [01/04/2019 10:20:43.149] [actorSystem-json-akka.actor.default-dispatcher-2] [akka://actorSystem-json/user/$a] SaveSnapshotSuccess
[DEBUG] [01/04/2019 10:22:20.096] [actorSystem-json-akka.actor.default-dispatcher-6] [akka://actorSystem-json/user/$a] Do snapshot now
[DEBUG] [01/04/2019 10:22:22.155] [actorSystem-json-akka.actor.default-dispatcher-6] [akka://actorSystem-json/user/$a] SaveSnapshotSuccess
[DEBUG] [01/04/2019 10:23:59.238] [actorSystem-json-akka.actor.default-dispatcher-6] [akka://actorSystem-json/user/$a] Do snapshot now
[DEBUG] [01/04/2019 10:24:01.249] [actorSystem-json-akka.actor.default-dispatcher-6] [akka://actorSystem-json/user/$a] SaveSnapshotSuccess
[DEBUG] [01/04/2019 10:25:37.434] [actorSystem-json-akka.actor.default-dispatcher-6] [akka://actorSystem-json/user/$a] Do snapshot now
[DEBUG] [01/04/2019 10:25:39.597] [actorSystem-json-akka.actor.default-dispatcher-6] [akka://actorSystem-json/user/$a] SaveSnapshotSuccess
[DEBUG] [01/04/2019 10:27:16.578] [actorSystem-json-akka.actor.default-dispatcher-18] [akka://actorSystem-json/user/$a] Do snapshot now
[ERROR] [01/04/2019 10:27:16.578] [actorSystem-json-akka.actor.default-dispatcher-18] [akka://actorSystem-json/user/$a] Simulate crash
java.lang.RuntimeException: Simulate crash
	at de.maxbundscherer.akka.serializationcomparision.actors.CarGarageActor.de$maxbundscherer$akka$serializationcomparision$actors$CarGarageActor$$processCommand(CarGarageActor.scala:148)
	at de.maxbundscherer.akka.serializationcomparision.actors.CarGarageActor$$anonfun$receiveCommand$1.applyOrElse(CarGarageActor.scala:92)
	at akka.actor.Actor.aroundReceive(Actor.scala:517)
	at akka.actor.Actor.aroundReceive$(Actor.scala:515)
	at de.maxbundscherer.akka.serializationcomparision.actors.CarGarageActor.akka$persistence$Eventsourced$$super$aroundReceive(CarGarageActor.scala:39)
	at akka.persistence.Eventsourced$$anon$1.stateReceive(Eventsourced.scala:753)
	at akka.persistence.Eventsourced.aroundReceive(Eventsourced.scala:222)
	at akka.persistence.Eventsourced.aroundReceive$(Eventsourced.scala:221)
	at de.maxbundscherer.akka.serializationcomparision.actors.CarGarageActor.aroundReceive(CarGarageActor.scala:39)
	at akka.actor.ActorCell.receiveMessage(ActorCell.scala:588)
	at akka.actor.ActorCell.invoke(ActorCell.scala:557)
	at akka.dispatch.Mailbox.processMailbox(Mailbox.scala:258)
	at akka.dispatch.Mailbox.run(Mailbox.scala:225)
	at akka.dispatch.Mailbox.exec(Mailbox.scala:235)
	at akka.dispatch.forkjoin.ForkJoinTask.doExec(ForkJoinTask.java:260)
	at akka.dispatch.forkjoin.ForkJoinPool$WorkQueue.runTask(ForkJoinPool.java:1339)
	at akka.dispatch.forkjoin.ForkJoinPool.runWorker(ForkJoinPool.java:1979)
	at akka.dispatch.forkjoin.ForkJoinWorkerThread.run(ForkJoinWorkerThread.java:107)

[DEBUG] [01/04/2019 10:27:16.581] [actorSystem-json-akka.actor.default-dispatcher-6] [akka://actorSystem-json/user/$a] Actor online
[DEBUG] [01/04/2019 10:27:18.456] [actorSystem-json-akka.actor.default-dispatcher-18] [akka://actorSystem-json/user/$a] Restore from snapshot
[DEBUG] [01/04/2019 10:27:21.003] [actorSystem-json-akka.actor.default-dispatcher-23] [akka://actorSystem-json/user/$a] RecoveryCompleted
[DEBUG] [01/04/2019 10:27:21.010] [actorSystem-json-akka.actor.default-dispatcher-23] [akka://actorSystem-json/user/$a] SaveSnapshotSuccess
[INFO] [01/04/2019 10:27:21.038] [run-main-0] [akka.actor.ActorSystemImpl(actorSystem-json)] StopTimeMeasurement: 1958 seconds
[INFO] [01/04/2019 10:27:21.038] [run-main-0] [akka.actor.ActorSystemImpl(actorSystem-json)] --- End Experiment (modeValue='json') ---
[DEBUG] [01/04/2019 10:27:22.039] [actorSystem-json-akka.actor.default-dispatcher-24] [EventStream] shutting down: StandardOutLogger
[DEBUG] [01/04/2019 10:27:22.053] [run-main-0] [EventStream(akka://actorSystem-protobuf)] logger log1-Logging$DefaultLogger started
[DEBUG] [01/04/2019 10:27:22.054] [run-main-0] [EventStream(akka://actorSystem-protobuf)] Default Loggers started
[INFO] [01/04/2019 10:27:22.064] [run-main-0] [akka.actor.ActorSystemImpl(actorSystem-protobuf)] --- Start Experiment (modeValue='protobuf') ---
[DEBUG] [01/04/2019 10:27:22.065] [actorSystem-protobuf-akka.actor.default-dispatcher-2] [akka.persistence.Persistence(akka://actorSystem-protobuf)] Create plugin: akka.persistence.journal.leveldb akka.persistence.journal.leveldb.LeveldbJournal
[DEBUG] [01/04/2019 10:27:22.066] [actorSystem-protobuf-akka.actor.default-dispatcher-2] [akka://actorSystem-protobuf/user/$a] Actor online
[DEBUG] [01/04/2019 10:27:22.066] [actorSystem-protobuf-akka.actor.default-dispatcher-2] [akka.persistence.Persistence(akka://actorSystem-protobuf)] Create plugin: akka.persistence.snapshot-store.local akka.persistence.snapshot.local.LocalSnapshotStore
[DEBUG] [01/04/2019 10:27:22.085] [actorSystem-protobuf-akka.actor.default-dispatcher-4] [akka://actorSystem-protobuf/user/$a] RecoveryCompleted
[INFO] [01/04/2019 10:27:22.086] [run-main-0] [akka.actor.ActorSystemImpl(actorSystem-protobuf)] Test AddCar (100000 operations)
[DEBUG] [01/04/2019 10:27:22.086] [actorSystem-protobuf-akka.persistence.dispatchers.default-plugin-dispatcher-7] [akka.serialization.Serialization(akka://actorSystem-protobuf)] Using serializer [akka.persistence.serialization.MessageSerializer] for message [akka.persistence.PersistentImpl]
[DEBUG] [01/04/2019 10:27:22.086] [actorSystem-protobuf-akka.persistence.dispatchers.default-plugin-dispatcher-7] [akka.serialization.Serialization(akka://actorSystem-protobuf)] Using serializer [de.maxbundscherer.akka.serializationcomparision.serializer.ProtobufSerializer] for message [de.maxbundscherer.akka.serializationcomparision.persistence.CarGarageAggregate$AddCarEvt]
[DEBUG] [01/04/2019 10:28:36.116] [actorSystem-protobuf-akka.actor.default-dispatcher-3] [akka://actorSystem-protobuf/user/$a] Do snapshot now
[INFO] [01/04/2019 10:28:36.116] [run-main-0] [akka.actor.ActorSystemImpl(actorSystem-protobuf)] Test AddComplexCar (100000 operations)
[DEBUG] [01/04/2019 10:28:36.116] [actorSystem-protobuf-akka.persistence.dispatchers.default-plugin-dispatcher-7] [akka.serialization.Serialization(akka://actorSystem-protobuf)] Using serializer [de.maxbundscherer.akka.serializationcomparision.serializer.ProtobufSerializer] for message [de.maxbundscherer.akka.serializationcomparision.persistence.CarGarageAggregate$AddComplexCarEvt]
[DEBUG] [01/04/2019 10:28:36.353] [actorSystem-protobuf-akka.actor.default-dispatcher-3] [akka://actorSystem-protobuf/user/$a] SaveSnapshotSuccess
[DEBUG] [01/04/2019 10:30:05.714] [actorSystem-protobuf-akka.actor.default-dispatcher-5] [akka://actorSystem-protobuf/user/$a] Do snapshot now
[INFO] [01/04/2019 10:30:05.714] [run-main-0] [akka.actor.ActorSystemImpl(actorSystem-protobuf)] Test UpdateCar (1000000 operations)
[ERROR] [01/04/2019 10:30:05.715] [actorSystem-protobuf-akka.actor.default-dispatcher-5] [akka://actorSystem-protobuf/user/$a] Simulate crash
java.lang.RuntimeException: Simulate crash
	at de.maxbundscherer.akka.serializationcomparision.actors.CarGarageActor.de$maxbundscherer$akka$serializationcomparision$actors$CarGarageActor$$processCommand(CarGarageActor.scala:148)
	at de.maxbundscherer.akka.serializationcomparision.actors.CarGarageActor$$anonfun$receiveCommand$1.applyOrElse(CarGarageActor.scala:92)
	at akka.actor.Actor.aroundReceive(Actor.scala:517)
	at akka.actor.Actor.aroundReceive$(Actor.scala:515)
	at de.maxbundscherer.akka.serializationcomparision.actors.CarGarageActor.akka$persistence$Eventsourced$$super$aroundReceive(CarGarageActor.scala:39)
	at akka.persistence.Eventsourced$$anon$1.stateReceive(Eventsourced.scala:753)
	at akka.persistence.Eventsourced.aroundReceive(Eventsourced.scala:222)
	at akka.persistence.Eventsourced.aroundReceive$(Eventsourced.scala:221)
	at de.maxbundscherer.akka.serializationcomparision.actors.CarGarageActor.aroundReceive(CarGarageActor.scala:39)
	at akka.actor.ActorCell.receiveMessage(ActorCell.scala:588)
	at akka.actor.ActorCell.invoke(ActorCell.scala:557)
	at akka.dispatch.Mailbox.processMailbox(Mailbox.scala:258)
	at akka.dispatch.Mailbox.run(Mailbox.scala:225)
	at akka.dispatch.Mailbox.exec(Mailbox.scala:235)
	at akka.dispatch.forkjoin.ForkJoinTask.doExec(ForkJoinTask.java:260)
	at akka.dispatch.forkjoin.ForkJoinPool$WorkQueue.runTask(ForkJoinPool.java:1339)
	at akka.dispatch.forkjoin.ForkJoinPool.runWorker(ForkJoinPool.java:1979)
	at akka.dispatch.forkjoin.ForkJoinWorkerThread.run(ForkJoinWorkerThread.java:107)

[DEBUG] [01/04/2019 10:30:05.718] [actorSystem-protobuf-akka.actor.default-dispatcher-3] [akka://actorSystem-protobuf/user/$a] Actor online
[DEBUG] [01/04/2019 10:30:05.881] [actorSystem-protobuf-akka.actor.default-dispatcher-5] [akka://actorSystem-protobuf/user/$a] Restore from snapshot
[DEBUG] [01/04/2019 10:30:05.882] [actorSystem-protobuf-akka.persistence.dispatchers.default-replay-dispatcher-16] [akka.serialization.Serialization(akka://actorSystem-protobuf)] Using serializer [akka.persistence.serialization.MessageSerializer] for message [akka.persistence.PersistentRepr]
[DEBUG] [01/04/2019 10:30:06.802] [actorSystem-protobuf-akka.actor.default-dispatcher-6] [akka://actorSystem-protobuf/user/$a] RecoveryCompleted
[DEBUG] [01/04/2019 10:30:06.802] [actorSystem-protobuf-akka.persistence.dispatchers.default-plugin-dispatcher-7] [akka.serialization.Serialization(akka://actorSystem-protobuf)] Using serializer [de.maxbundscherer.akka.serializationcomparision.serializer.ProtobufSerializer] for message [de.maxbundscherer.akka.serializationcomparision.persistence.CarGarageAggregate$UpdateCarEvt]
[DEBUG] [01/04/2019 10:30:06.805] [actorSystem-protobuf-akka.actor.default-dispatcher-19] [akka://actorSystem-protobuf/user/$a] SaveSnapshotSuccess
[DEBUG] [01/04/2019 10:31:20.846] [actorSystem-protobuf-akka.actor.default-dispatcher-18] [akka://actorSystem-protobuf/user/$a] Do snapshot now
[DEBUG] [01/04/2019 10:31:21.372] [actorSystem-protobuf-akka.actor.default-dispatcher-18] [akka://actorSystem-protobuf/user/$a] SaveSnapshotSuccess
[DEBUG] [01/04/2019 10:32:34.971] [actorSystem-protobuf-akka.actor.default-dispatcher-5] [akka://actorSystem-protobuf/user/$a] Do snapshot now
[DEBUG] [01/04/2019 10:32:36.042] [actorSystem-protobuf-akka.actor.default-dispatcher-5] [akka://actorSystem-protobuf/user/$a] SaveSnapshotSuccess
[DEBUG] [01/04/2019 10:33:50.036] [actorSystem-protobuf-akka.actor.default-dispatcher-18] [akka://actorSystem-protobuf/user/$a] Do snapshot now
[DEBUG] [01/04/2019 10:33:50.581] [actorSystem-protobuf-akka.actor.default-dispatcher-18] [akka://actorSystem-protobuf/user/$a] SaveSnapshotSuccess
[DEBUG] [01/04/2019 10:35:04.284] [actorSystem-protobuf-akka.actor.default-dispatcher-5] [akka://actorSystem-protobuf/user/$a] Do snapshot now
[DEBUG] [01/04/2019 10:35:04.894] [actorSystem-protobuf-akka.actor.default-dispatcher-5] [akka://actorSystem-protobuf/user/$a] SaveSnapshotSuccess
[DEBUG] [01/04/2019 10:36:17.420] [actorSystem-protobuf-akka.actor.default-dispatcher-19] [akka://actorSystem-protobuf/user/$a] Do snapshot now
[DEBUG] [01/04/2019 10:36:17.960] [actorSystem-protobuf-akka.actor.default-dispatcher-19] [akka://actorSystem-protobuf/user/$a] SaveSnapshotSuccess
[DEBUG] [01/04/2019 10:37:30.111] [actorSystem-protobuf-akka.actor.default-dispatcher-19] [akka://actorSystem-protobuf/user/$a] Do snapshot now
[DEBUG] [01/04/2019 10:37:30.642] [actorSystem-protobuf-akka.actor.default-dispatcher-19] [akka://actorSystem-protobuf/user/$a] SaveSnapshotSuccess
[DEBUG] [01/04/2019 10:38:43.782] [actorSystem-protobuf-akka.actor.default-dispatcher-5] [akka://actorSystem-protobuf/user/$a] Do snapshot now
[DEBUG] [01/04/2019 10:38:44.328] [actorSystem-protobuf-akka.actor.default-dispatcher-5] [akka://actorSystem-protobuf/user/$a] SaveSnapshotSuccess
[DEBUG] [01/04/2019 10:39:57.044] [actorSystem-protobuf-akka.actor.default-dispatcher-19] [akka://actorSystem-protobuf/user/$a] Do snapshot now
[DEBUG] [01/04/2019 10:39:57.617] [actorSystem-protobuf-akka.actor.default-dispatcher-5] [akka://actorSystem-protobuf/user/$a] SaveSnapshotSuccess
[DEBUG] [01/04/2019 10:41:10.199] [actorSystem-protobuf-akka.actor.default-dispatcher-19] [akka://actorSystem-protobuf/user/$a] Do snapshot now
[DEBUG] [01/04/2019 10:41:10.743] [actorSystem-protobuf-akka.actor.default-dispatcher-5] [akka://actorSystem-protobuf/user/$a] SaveSnapshotSuccess
[DEBUG] [01/04/2019 10:42:23.994] [actorSystem-protobuf-akka.actor.default-dispatcher-19] [akka://actorSystem-protobuf/user/$a] Do snapshot now
[INFO] [01/04/2019 10:42:23.995] [run-main-0] [akka.actor.ActorSystemImpl(actorSystem-protobuf)] Test UpdateComplexCar (1000000 operations)
[DEBUG] [01/04/2019 10:42:23.995] [actorSystem-protobuf-akka.persistence.dispatchers.default-plugin-dispatcher-7] [akka.serialization.Serialization(akka://actorSystem-protobuf)] Using serializer [de.maxbundscherer.akka.serializationcomparision.serializer.ProtobufSerializer] for message [de.maxbundscherer.akka.serializationcomparision.persistence.CarGarageAggregate$UpdateComplexCarEvt]
[DEBUG] [01/04/2019 10:42:24.572] [actorSystem-protobuf-akka.actor.default-dispatcher-6] [akka://actorSystem-protobuf/user/$a] SaveSnapshotSuccess
[DEBUG] [01/04/2019 10:43:54.119] [actorSystem-protobuf-akka.actor.default-dispatcher-18] [akka://actorSystem-protobuf/user/$a] Do snapshot now
[DEBUG] [01/04/2019 10:43:54.734] [actorSystem-protobuf-akka.actor.default-dispatcher-19] [akka://actorSystem-protobuf/user/$a] SaveSnapshotSuccess
[DEBUG] [01/04/2019 10:45:24.648] [actorSystem-protobuf-akka.actor.default-dispatcher-19] [akka://actorSystem-protobuf/user/$a] Do snapshot now
[DEBUG] [01/04/2019 10:45:25.273] [actorSystem-protobuf-akka.actor.default-dispatcher-6] [akka://actorSystem-protobuf/user/$a] SaveSnapshotSuccess
[DEBUG] [01/04/2019 10:46:54.186] [actorSystem-protobuf-akka.actor.default-dispatcher-18] [akka://actorSystem-protobuf/user/$a] Do snapshot now
[DEBUG] [01/04/2019 10:46:54.805] [actorSystem-protobuf-akka.actor.default-dispatcher-6] [akka://actorSystem-protobuf/user/$a] SaveSnapshotSuccess
[DEBUG] [01/04/2019 10:48:23.530] [actorSystem-protobuf-akka.actor.default-dispatcher-6] [akka://actorSystem-protobuf/user/$a] Do snapshot now
[DEBUG] [01/04/2019 10:48:24.090] [actorSystem-protobuf-akka.actor.default-dispatcher-18] [akka://actorSystem-protobuf/user/$a] SaveSnapshotSuccess
[DEBUG] [01/04/2019 10:49:52.680] [actorSystem-protobuf-akka.actor.default-dispatcher-19] [akka://actorSystem-protobuf/user/$a] Do snapshot now
[DEBUG] [01/04/2019 10:49:53.266] [actorSystem-protobuf-akka.actor.default-dispatcher-19] [akka://actorSystem-protobuf/user/$a] SaveSnapshotSuccess
[DEBUG] [01/04/2019 10:51:22.484] [actorSystem-protobuf-akka.actor.default-dispatcher-18] [akka://actorSystem-protobuf/user/$a] Do snapshot now
[DEBUG] [01/04/2019 10:51:23.052] [actorSystem-protobuf-akka.actor.default-dispatcher-19] [akka://actorSystem-protobuf/user/$a] SaveSnapshotSuccess
[DEBUG] [01/04/2019 10:52:52.427] [actorSystem-protobuf-akka.actor.default-dispatcher-19] [akka://actorSystem-protobuf/user/$a] Do snapshot now
[DEBUG] [01/04/2019 10:52:53.007] [actorSystem-protobuf-akka.actor.default-dispatcher-6] [akka://actorSystem-protobuf/user/$a] SaveSnapshotSuccess
[DEBUG] [01/04/2019 10:54:22.441] [actorSystem-protobuf-akka.actor.default-dispatcher-18] [akka://actorSystem-protobuf/user/$a] Do snapshot now
[DEBUG] [01/04/2019 10:54:23.065] [actorSystem-protobuf-akka.actor.default-dispatcher-18] [akka://actorSystem-protobuf/user/$a] SaveSnapshotSuccess
[DEBUG] [01/04/2019 10:55:52.987] [actorSystem-protobuf-akka.actor.default-dispatcher-5] [akka://actorSystem-protobuf/user/$a] Do snapshot now
[DEBUG] [01/04/2019 10:55:53.588] [actorSystem-protobuf-akka.actor.default-dispatcher-5] [akka://actorSystem-protobuf/user/$a] SaveSnapshotSuccess
[DEBUG] [01/04/2019 10:57:23.431] [actorSystem-protobuf-akka.actor.default-dispatcher-18] [akka://actorSystem-protobuf/user/$a] Do snapshot now
[ERROR] [01/04/2019 10:57:23.432] [actorSystem-protobuf-akka.actor.default-dispatcher-18] [akka://actorSystem-protobuf/user/$a] Simulate crash
java.lang.RuntimeException: Simulate crash
	at de.maxbundscherer.akka.serializationcomparision.actors.CarGarageActor.de$maxbundscherer$akka$serializationcomparision$actors$CarGarageActor$$processCommand(CarGarageActor.scala:148)
	at de.maxbundscherer.akka.serializationcomparision.actors.CarGarageActor$$anonfun$receiveCommand$1.applyOrElse(CarGarageActor.scala:92)
	at akka.actor.Actor.aroundReceive(Actor.scala:517)
	at akka.actor.Actor.aroundReceive$(Actor.scala:515)
	at de.maxbundscherer.akka.serializationcomparision.actors.CarGarageActor.akka$persistence$Eventsourced$$super$aroundReceive(CarGarageActor.scala:39)
	at akka.persistence.Eventsourced$$anon$1.stateReceive(Eventsourced.scala:753)
	at akka.persistence.Eventsourced.aroundReceive(Eventsourced.scala:222)
	at akka.persistence.Eventsourced.aroundReceive$(Eventsourced.scala:221)
	at de.maxbundscherer.akka.serializationcomparision.actors.CarGarageActor.aroundReceive(CarGarageActor.scala:39)
	at akka.actor.ActorCell.receiveMessage(ActorCell.scala:588)
	at akka.actor.ActorCell.invoke(ActorCell.scala:557)
	at akka.dispatch.Mailbox.processMailbox(Mailbox.scala:258)
	at akka.dispatch.Mailbox.run(Mailbox.scala:225)
	at akka.dispatch.Mailbox.exec(Mailbox.scala:235)
	at akka.dispatch.forkjoin.ForkJoinTask.doExec(ForkJoinTask.java:260)
	at akka.dispatch.forkjoin.ForkJoinPool$WorkQueue.runTask(ForkJoinPool.java:1339)
	at akka.dispatch.forkjoin.ForkJoinPool.runWorker(ForkJoinPool.java:1979)
	at akka.dispatch.forkjoin.ForkJoinWorkerThread.run(ForkJoinWorkerThread.java:107)

[DEBUG] [01/04/2019 10:57:23.433] [actorSystem-protobuf-akka.actor.default-dispatcher-18] [akka://actorSystem-protobuf/user/$a] Actor online
[DEBUG] [01/04/2019 10:57:23.786] [actorSystem-protobuf-akka.actor.default-dispatcher-5] [akka://actorSystem-protobuf/user/$a] Restore from snapshot
[DEBUG] [01/04/2019 10:57:24.632] [actorSystem-protobuf-akka.actor.default-dispatcher-2] [akka://actorSystem-protobuf/user/$a] RecoveryCompleted
[DEBUG] [01/04/2019 10:57:24.643] [actorSystem-protobuf-akka.actor.default-dispatcher-2] [akka://actorSystem-protobuf/user/$a] SaveSnapshotSuccess
[INFO] [01/04/2019 10:57:24.669] [run-main-0] [akka.actor.ActorSystemImpl(actorSystem-protobuf)] StopTimeMeasurement: 1802 seconds
[INFO] [01/04/2019 10:57:24.669] [run-main-0] [akka.actor.ActorSystemImpl(actorSystem-protobuf)] --- End Experiment (modeValue='protobuf') ---
[DEBUG] [01/04/2019 10:57:25.671] [actorSystem-protobuf-akka.actor.default-dispatcher-20] [EventStream] shutting down: StandardOutLogger
[0m[[0m[32msuccess[0m] [0m[0mTotal time: 5869 s, completed Jan 4, 2019, 10:57:26 AM[0m
