[0m[[0m[0minfo[0m] [0m[0mLoading settings for project akka-serialization-comparision-build from protoc.sbt ...[0m
[0m[[0m[0minfo[0m] [0m[0mLoading project definition from /home/ubuntu/akka-serialization-comparision/project[0m
[0m[[0m[0minfo[0m] [0m[0mLoading settings for project akka-serialization-comparision from build.sbt ...[0m
[0m[[0m[0minfo[0m] [0m[0mSet current project to akka-serialization-comparision (in build file:/home/ubuntu/akka-serialization-comparision/)[0m
[0m[[0m[32msuccess[0m] [0m[0mTotal time: 0 s, completed Jan 4, 2019, 11:48:36 AM[0m
[0m[[0m[0minfo[0m] [0m[0mUpdating ...[0m
[0m[[0m[0minfo[0m] [0m[0mDone updating.[0m
[0m[[0m[33mwarn[0m] [0m[0mThere may be incompatibilities among your library dependencies.[0m
[0m[[0m[33mwarn[0m] [0m[0mRun 'evicted' to see detailed eviction warnings[0m
[0m[[0m[0minfo[0m] [0m[0mCompiling 1 protobuf files to /home/ubuntu/akka-serialization-comparision/target/scala-2.12/src_managed/main[0m
[0m[[0m[0minfo[0m] [0m[0mCompiling schema /home/ubuntu/akka-serialization-comparision/src/main/protobuf/protobuf.proto[0m
protoc-jar: protoc version: 3.6.0, detected platform: linux-x86_64 (linux/amd64)
protoc-jar: embedded: bin/3.6.0/protoc-3.6.0-linux-x86_64.exe
protoc-jar: executing: [/tmp/protocjar10758227640223777694/bin/protoc.exe, --plugin=protoc-gen-scala=/tmp/protocbridge10940152923716345059, --scala_out=grpc:/home/ubuntu/akka-serialization-comparision/target/scala-2.12/src_managed/main, -I/home/ubuntu/akka-serialization-comparision/src/main/protobuf, -I/home/ubuntu/akka-serialization-comparision/target/protobuf_external, -I/home/ubuntu/akka-serialization-comparision/src/main/protobuf, -I/home/ubuntu/akka-serialization-comparision/target/protobuf_external, /home/ubuntu/akka-serialization-comparision/src/main/protobuf/protobuf.proto]
[0m[[0m[0minfo[0m] [0m[0mCompiling protobuf[0m
[0m[[0m[0minfo[0m] [0m[0mProtoc target directory: /home/ubuntu/akka-serialization-comparision/target/scala-2.12/src_managed/main[0m
[0m[[0m[0minfo[0m] [0m[0mCompiling 33 Scala sources and 7 Java sources to /home/ubuntu/akka-serialization-comparision/target/scala-2.12/classes ...[0m
[0m[[0m[33mwarn[0m] [0m[0mthere were 11 feature warnings; re-run with -feature for details[0m
[0m[[0m[33mwarn[0m] [0m[0mone warning found[0m
[0m[[0m[0minfo[0m] [0m[0mDone compiling.[0m
[0m[[0m[0minfo[0m] [0m[0mPackaging /home/ubuntu/akka-serialization-comparision/target/scala-2.12/akka-serialization-comparision_2.12-0.1.jar ...[0m
[0m[[0m[0minfo[0m] [0m[0mDone packaging.[0m
[0m[[0m[0minfo[0m] [0m[0mRunning de.maxbundscherer.akka.serializationcomparision.Main [0m
[DEBUG] [01/04/2019 11:48:52.378] [run-main-0] [EventStream(akka://actorSystem-java)] logger log1-Logging$DefaultLogger started
[DEBUG] [01/04/2019 11:48:52.379] [run-main-0] [EventStream(akka://actorSystem-java)] Default Loggers started
[INFO] [01/04/2019 11:48:52.434] [run-main-0] [akka.actor.ActorSystemImpl(actorSystem-java)] --- Start Experiment (modeValue='java') ---
[DEBUG] [01/04/2019 11:48:52.445] [actorSystem-java-akka.actor.default-dispatcher-3] [akka.persistence.Persistence(akka://actorSystem-java)] Create plugin: akka.persistence.journal.leveldb akka.persistence.journal.leveldb.LeveldbJournal
[DEBUG] [01/04/2019 11:48:52.479] [actorSystem-java-akka.actor.default-dispatcher-3] [akka://actorSystem-java/user/$a] Actor online
[DEBUG] [01/04/2019 11:48:52.481] [actorSystem-java-akka.actor.default-dispatcher-3] [akka.persistence.Persistence(akka://actorSystem-java)] Create plugin: akka.persistence.snapshot-store.local akka.persistence.snapshot.local.LocalSnapshotStore
[DEBUG] [01/04/2019 11:48:52.573] [actorSystem-java-akka.actor.default-dispatcher-2] [akka://actorSystem-java/user/$a] RecoveryCompleted
[INFO] [01/04/2019 11:48:52.582] [run-main-0] [akka.actor.ActorSystemImpl(actorSystem-java)] Test AddCar (100000 operations)
[DEBUG] [01/04/2019 11:49:01.656] [actorSystem-java-akka.persistence.dispatchers.default-plugin-dispatcher-6] [akka.serialization.Serialization(akka://actorSystem-java)] Using serializer [akka.persistence.serialization.MessageSerializer] for message [akka.persistence.PersistentImpl]
[DEBUG] [01/04/2019 11:49:01.672] [actorSystem-java-akka.persistence.dispatchers.default-plugin-dispatcher-6] [akka.serialization.Serialization(akka://actorSystem-java)] Using serializer [de.maxbundscherer.akka.serializationcomparision.serializer.JavaSerializer] for message [de.maxbundscherer.akka.serializationcomparision.persistence.CarGarageAggregate$AddCarEvt]
[DEBUG] [01/04/2019 11:50:26.527] [actorSystem-java-akka.actor.default-dispatcher-4] [akka://actorSystem-java/user/$a] Do snapshot now
[INFO] [01/04/2019 11:50:26.529] [run-main-0] [akka.actor.ActorSystemImpl(actorSystem-java)] Test AddComplexCar (100000 operations)
[DEBUG] [01/04/2019 11:50:26.532] [actorSystem-java-akka.persistence.dispatchers.default-plugin-dispatcher-6] [akka.serialization.Serialization(akka://actorSystem-java)] Using serializer [de.maxbundscherer.akka.serializationcomparision.serializer.JavaSerializer] for message [de.maxbundscherer.akka.serializationcomparision.persistence.CarGarageAggregate$AddComplexCarEvt]
[DEBUG] [01/04/2019 11:50:26.847] [actorSystem-java-akka.actor.default-dispatcher-2] [akka://actorSystem-java/user/$a] SaveSnapshotSuccess
[DEBUG] [01/04/2019 11:52:09.476] [actorSystem-java-akka.actor.default-dispatcher-2] [akka://actorSystem-java/user/$a] Do snapshot now
[INFO] [01/04/2019 11:52:09.477] [run-main-0] [akka.actor.ActorSystemImpl(actorSystem-java)] Test UpdateCar (1000000 operations)
[ERROR] [01/04/2019 11:52:09.481] [actorSystem-java-akka.actor.default-dispatcher-3] [akka://actorSystem-java/user/$a] Simulate crash
java.lang.RuntimeException: Simulate crash
	at de.maxbundscherer.akka.serializationcomparision.actors.CarGarageActor.de$maxbundscherer$akka$serializationcomparision$actors$CarGarageActor$$processCommand(CarGarageActor.scala:148)
	at de.maxbundscherer.akka.serializationcomparision.actors.CarGarageActor$$anonfun$receiveCommand$1.applyOrElse(CarGarageActor.scala:92)
	at akka.actor.Actor.aroundReceive(Actor.scala:517)
	at akka.actor.Actor.aroundReceive$(Actor.scala:515)
	at de.maxbundscherer.akka.serializationcomparision.actors.CarGarageActor.akka$persistence$Eventsourced$$super$aroundReceive(CarGarageActor.scala:39)
	at akka.persistence.Eventsourced$$anon$1.stateReceive(Eventsourced.scala:753)
	at akka.persistence.Eventsourced.aroundReceive(Eventsourced.scala:222)
	at akka.persistence.Eventsourced.aroundReceive$(Eventsourced.scala:221)
	at de.maxbundscherer.akka.serializationcomparision.actors.CarGarageActor.aroundReceive(CarGarageActor.scala:39)
	at akka.actor.ActorCell.receiveMessage(ActorCell.scala:588)
	at akka.actor.ActorCell.invoke(ActorCell.scala:557)
	at akka.dispatch.Mailbox.processMailbox(Mailbox.scala:258)
	at akka.dispatch.Mailbox.run(Mailbox.scala:225)
	at akka.dispatch.Mailbox.exec(Mailbox.scala:235)
	at akka.dispatch.forkjoin.ForkJoinTask.doExec(ForkJoinTask.java:260)
	at akka.dispatch.forkjoin.ForkJoinPool$WorkQueue.runTask(ForkJoinPool.java:1339)
	at akka.dispatch.forkjoin.ForkJoinPool.runWorker(ForkJoinPool.java:1979)
	at akka.dispatch.forkjoin.ForkJoinWorkerThread.run(ForkJoinWorkerThread.java:107)

[DEBUG] [01/04/2019 11:52:09.484] [actorSystem-java-akka.actor.default-dispatcher-4] [akka://actorSystem-java/user/$a] Actor online
[DEBUG] [01/04/2019 11:52:10.302] [actorSystem-java-akka.actor.default-dispatcher-4] [akka://actorSystem-java/user/$a] Restore from snapshot
[DEBUG] [01/04/2019 11:52:10.310] [actorSystem-java-akka.persistence.dispatchers.default-replay-dispatcher-15] [akka.serialization.Serialization(akka://actorSystem-java)] Using serializer [akka.persistence.serialization.MessageSerializer] for message [akka.persistence.PersistentRepr]
[DEBUG] [01/04/2019 11:52:16.260] [actorSystem-java-akka.actor.default-dispatcher-17] [akka://actorSystem-java/user/$a] RecoveryCompleted
[DEBUG] [01/04/2019 11:52:16.261] [actorSystem-java-akka.persistence.dispatchers.default-plugin-dispatcher-6] [akka.serialization.Serialization(akka://actorSystem-java)] Using serializer [de.maxbundscherer.akka.serializationcomparision.serializer.JavaSerializer] for message [de.maxbundscherer.akka.serializationcomparision.persistence.CarGarageAggregate$UpdateCarEvt]
[DEBUG] [01/04/2019 11:52:16.264] [actorSystem-java-akka.actor.default-dispatcher-17] [akka://actorSystem-java/user/$a] SaveSnapshotSuccess
[DEBUG] [01/04/2019 11:53:41.686] [actorSystem-java-akka.actor.default-dispatcher-22] [akka://actorSystem-java/user/$a] Do snapshot now
[DEBUG] [01/04/2019 11:53:42.301] [actorSystem-java-akka.actor.default-dispatcher-2] [akka://actorSystem-java/user/$a] SaveSnapshotSuccess
[DEBUG] [01/04/2019 11:55:06.925] [actorSystem-java-akka.actor.default-dispatcher-22] [akka://actorSystem-java/user/$a] Do snapshot now
[DEBUG] [01/04/2019 11:55:07.553] [actorSystem-java-akka.actor.default-dispatcher-2] [akka://actorSystem-java/user/$a] SaveSnapshotSuccess
[DEBUG] [01/04/2019 11:56:31.963] [actorSystem-java-akka.actor.default-dispatcher-2] [akka://actorSystem-java/user/$a] Do snapshot now
[DEBUG] [01/04/2019 11:56:32.567] [actorSystem-java-akka.actor.default-dispatcher-17] [akka://actorSystem-java/user/$a] SaveSnapshotSuccess
[DEBUG] [01/04/2019 11:57:56.777] [actorSystem-java-akka.actor.default-dispatcher-2] [akka://actorSystem-java/user/$a] Do snapshot now
[DEBUG] [01/04/2019 11:57:57.431] [actorSystem-java-akka.actor.default-dispatcher-2] [akka://actorSystem-java/user/$a] SaveSnapshotSuccess
[DEBUG] [01/04/2019 11:59:21.882] [actorSystem-java-akka.actor.default-dispatcher-17] [akka://actorSystem-java/user/$a] Do snapshot now
[DEBUG] [01/04/2019 11:59:22.498] [actorSystem-java-akka.actor.default-dispatcher-22] [akka://actorSystem-java/user/$a] SaveSnapshotSuccess
[DEBUG] [01/04/2019 12:00:46.482] [actorSystem-java-akka.actor.default-dispatcher-22] [akka://actorSystem-java/user/$a] Do snapshot now
[DEBUG] [01/04/2019 12:00:47.118] [actorSystem-java-akka.actor.default-dispatcher-22] [akka://actorSystem-java/user/$a] SaveSnapshotSuccess
[DEBUG] [01/04/2019 12:02:11.535] [actorSystem-java-akka.actor.default-dispatcher-2] [akka://actorSystem-java/user/$a] Do snapshot now
[DEBUG] [01/04/2019 12:02:12.190] [actorSystem-java-akka.actor.default-dispatcher-22] [akka://actorSystem-java/user/$a] SaveSnapshotSuccess
[DEBUG] [01/04/2019 12:03:36.809] [actorSystem-java-akka.actor.default-dispatcher-2] [akka://actorSystem-java/user/$a] Do snapshot now
[DEBUG] [01/04/2019 12:03:37.436] [actorSystem-java-akka.actor.default-dispatcher-23] [akka://actorSystem-java/user/$a] SaveSnapshotSuccess
[DEBUG] [01/04/2019 12:05:02.852] [actorSystem-java-akka.actor.default-dispatcher-23] [akka://actorSystem-java/user/$a] Do snapshot now
[DEBUG] [01/04/2019 12:05:03.477] [actorSystem-java-akka.actor.default-dispatcher-23] [akka://actorSystem-java/user/$a] SaveSnapshotSuccess
[DEBUG] [01/04/2019 12:06:27.814] [actorSystem-java-akka.actor.default-dispatcher-22] [akka://actorSystem-java/user/$a] Do snapshot now
[INFO] [01/04/2019 12:06:27.815] [run-main-0] [akka.actor.ActorSystemImpl(actorSystem-java)] Test UpdateComplexCar (1000000 operations)
[DEBUG] [01/04/2019 12:06:27.816] [actorSystem-java-akka.persistence.dispatchers.default-plugin-dispatcher-6] [akka.serialization.Serialization(akka://actorSystem-java)] Using serializer [de.maxbundscherer.akka.serializationcomparision.serializer.JavaSerializer] for message [de.maxbundscherer.akka.serializationcomparision.persistence.CarGarageAggregate$UpdateComplexCarEvt]
[DEBUG] [01/04/2019 12:06:28.430] [actorSystem-java-akka.actor.default-dispatcher-23] [akka://actorSystem-java/user/$a] SaveSnapshotSuccess
[DEBUG] [01/04/2019 12:08:12.316] [actorSystem-java-akka.actor.default-dispatcher-2] [akka://actorSystem-java/user/$a] Do snapshot now
[DEBUG] [01/04/2019 12:08:12.921] [actorSystem-java-akka.actor.default-dispatcher-2] [akka://actorSystem-java/user/$a] SaveSnapshotSuccess
[DEBUG] [01/04/2019 12:09:55.985] [actorSystem-java-akka.actor.default-dispatcher-23] [akka://actorSystem-java/user/$a] Do snapshot now
[DEBUG] [01/04/2019 12:09:56.649] [actorSystem-java-akka.actor.default-dispatcher-23] [akka://actorSystem-java/user/$a] SaveSnapshotSuccess
[DEBUG] [01/04/2019 12:11:40.597] [actorSystem-java-akka.actor.default-dispatcher-17] [akka://actorSystem-java/user/$a] Do snapshot now
[DEBUG] [01/04/2019 12:11:41.249] [actorSystem-java-akka.actor.default-dispatcher-17] [akka://actorSystem-java/user/$a] SaveSnapshotSuccess
[DEBUG] [01/04/2019 12:13:24.065] [actorSystem-java-akka.actor.default-dispatcher-17] [akka://actorSystem-java/user/$a] Do snapshot now
[DEBUG] [01/04/2019 12:13:24.746] [actorSystem-java-akka.actor.default-dispatcher-2] [akka://actorSystem-java/user/$a] SaveSnapshotSuccess
[DEBUG] [01/04/2019 12:15:07.722] [actorSystem-java-akka.actor.default-dispatcher-23] [akka://actorSystem-java/user/$a] Do snapshot now
[DEBUG] [01/04/2019 12:15:08.371] [actorSystem-java-akka.actor.default-dispatcher-23] [akka://actorSystem-java/user/$a] SaveSnapshotSuccess
[DEBUG] [01/04/2019 12:16:50.704] [actorSystem-java-akka.actor.default-dispatcher-17] [akka://actorSystem-java/user/$a] Do snapshot now
[DEBUG] [01/04/2019 12:16:51.309] [actorSystem-java-akka.actor.default-dispatcher-23] [akka://actorSystem-java/user/$a] SaveSnapshotSuccess
[DEBUG] [01/04/2019 12:18:33.103] [actorSystem-java-akka.actor.default-dispatcher-17] [akka://actorSystem-java/user/$a] Do snapshot now
[DEBUG] [01/04/2019 12:18:33.770] [actorSystem-java-akka.actor.default-dispatcher-17] [akka://actorSystem-java/user/$a] SaveSnapshotSuccess
[DEBUG] [01/04/2019 12:20:16.783] [actorSystem-java-akka.actor.default-dispatcher-23] [akka://actorSystem-java/user/$a] Do snapshot now
[DEBUG] [01/04/2019 12:20:17.437] [actorSystem-java-akka.actor.default-dispatcher-22] [akka://actorSystem-java/user/$a] SaveSnapshotSuccess
[DEBUG] [01/04/2019 12:22:02.112] [actorSystem-java-akka.actor.default-dispatcher-2] [akka://actorSystem-java/user/$a] Do snapshot now
[DEBUG] [01/04/2019 12:22:02.734] [actorSystem-java-akka.actor.default-dispatcher-2] [akka://actorSystem-java/user/$a] SaveSnapshotSuccess
[DEBUG] [01/04/2019 12:23:45.469] [actorSystem-java-akka.actor.default-dispatcher-22] [akka://actorSystem-java/user/$a] Do snapshot now
[ERROR] [01/04/2019 12:23:45.470] [actorSystem-java-akka.actor.default-dispatcher-22] [akka://actorSystem-java/user/$a] Simulate crash
java.lang.RuntimeException: Simulate crash
	at de.maxbundscherer.akka.serializationcomparision.actors.CarGarageActor.de$maxbundscherer$akka$serializationcomparision$actors$CarGarageActor$$processCommand(CarGarageActor.scala:148)
	at de.maxbundscherer.akka.serializationcomparision.actors.CarGarageActor$$anonfun$receiveCommand$1.applyOrElse(CarGarageActor.scala:92)
	at akka.actor.Actor.aroundReceive(Actor.scala:517)
	at akka.actor.Actor.aroundReceive$(Actor.scala:515)
	at de.maxbundscherer.akka.serializationcomparision.actors.CarGarageActor.akka$persistence$Eventsourced$$super$aroundReceive(CarGarageActor.scala:39)
	at akka.persistence.Eventsourced$$anon$1.stateReceive(Eventsourced.scala:753)
	at akka.persistence.Eventsourced.aroundReceive(Eventsourced.scala:222)
	at akka.persistence.Eventsourced.aroundReceive$(Eventsourced.scala:221)
	at de.maxbundscherer.akka.serializationcomparision.actors.CarGarageActor.aroundReceive(CarGarageActor.scala:39)
	at akka.actor.ActorCell.receiveMessage(ActorCell.scala:588)
	at akka.actor.ActorCell.invoke(ActorCell.scala:557)
	at akka.dispatch.Mailbox.processMailbox(Mailbox.scala:258)
	at akka.dispatch.Mailbox.run(Mailbox.scala:225)
	at akka.dispatch.Mailbox.exec(Mailbox.scala:235)
	at akka.dispatch.forkjoin.ForkJoinTask.doExec(ForkJoinTask.java:260)
	at akka.dispatch.forkjoin.ForkJoinPool$WorkQueue.runTask(ForkJoinPool.java:1339)
	at akka.dispatch.forkjoin.ForkJoinPool.runWorker(ForkJoinPool.java:1979)
	at akka.dispatch.forkjoin.ForkJoinWorkerThread.run(ForkJoinWorkerThread.java:107)

[DEBUG] [01/04/2019 12:23:45.471] [actorSystem-java-akka.actor.default-dispatcher-2] [akka://actorSystem-java/user/$a] Actor online
[DEBUG] [01/04/2019 12:23:47.296] [actorSystem-java-akka.actor.default-dispatcher-22] [akka://actorSystem-java/user/$a] Restore from snapshot
[DEBUG] [01/04/2019 12:23:52.705] [actorSystem-java-akka.actor.default-dispatcher-22] [akka://actorSystem-java/user/$a] RecoveryCompleted
[DEBUG] [01/04/2019 12:23:52.718] [actorSystem-java-akka.actor.default-dispatcher-22] [akka://actorSystem-java/user/$a] SaveSnapshotSuccess
[INFO] [01/04/2019 12:23:52.747] [run-main-0] [akka.actor.ActorSystemImpl(actorSystem-java)] StopTimeMeasurement: 2100 seconds
[INFO] [01/04/2019 12:23:52.747] [run-main-0] [akka.actor.ActorSystemImpl(actorSystem-java)] --- End Experiment (modeValue='java') ---
[DEBUG] [01/04/2019 12:23:53.773] [run-main-0] [EventStream(akka://actorSystem-json)] logger log1-Logging$DefaultLogger started
[DEBUG] [01/04/2019 12:23:53.773] [run-main-0] [EventStream(akka://actorSystem-json)] Default Loggers started
[INFO] [01/04/2019 12:23:53.791] [run-main-0] [akka.actor.ActorSystemImpl(actorSystem-json)] --- Start Experiment (modeValue='json') ---
[DEBUG] [01/04/2019 12:23:53.792] [actorSystem-json-akka.actor.default-dispatcher-5] [akka.persistence.Persistence(akka://actorSystem-json)] Create plugin: akka.persistence.journal.leveldb akka.persistence.journal.leveldb.LeveldbJournal
[DEBUG] [01/04/2019 12:23:53.793] [actorSystem-json-akka.actor.default-dispatcher-5] [akka://actorSystem-json/user/$a] Actor online
[DEBUG] [01/04/2019 12:23:53.793] [actorSystem-json-akka.actor.default-dispatcher-5] [akka.persistence.Persistence(akka://actorSystem-json)] Create plugin: akka.persistence.snapshot-store.local akka.persistence.snapshot.local.LocalSnapshotStore
[DEBUG] [01/04/2019 12:23:53.811] [actorSystem-json-akka.actor.default-dispatcher-8] [akka://actorSystem-json/user/$a] RecoveryCompleted
[INFO] [01/04/2019 12:23:53.812] [run-main-0] [akka.actor.ActorSystemImpl(actorSystem-json)] Test AddCar (100000 operations)
[DEBUG] [01/04/2019 12:23:53.813] [actorSystem-json-akka.persistence.dispatchers.default-plugin-dispatcher-9] [akka.serialization.Serialization(akka://actorSystem-json)] Using serializer [akka.persistence.serialization.MessageSerializer] for message [akka.persistence.PersistentImpl]
[DEBUG] [01/04/2019 12:23:53.813] [actorSystem-json-akka.persistence.dispatchers.default-plugin-dispatcher-9] [akka.serialization.Serialization(akka://actorSystem-json)] Using serializer [de.maxbundscherer.akka.serializationcomparision.serializer.JsonSerializer] for message [de.maxbundscherer.akka.serializationcomparision.persistence.CarGarageAggregate$AddCarEvt]
[DEBUG] [01/04/2019 12:25:10.136] [actorSystem-json-akka.actor.default-dispatcher-6] [akka://actorSystem-json/user/$a] Do snapshot now
[INFO] [01/04/2019 12:25:10.136] [run-main-0] [akka.actor.ActorSystemImpl(actorSystem-json)] Test AddComplexCar (100000 operations)
[DEBUG] [01/04/2019 12:25:10.137] [actorSystem-json-akka.persistence.dispatchers.default-plugin-dispatcher-9] [akka.serialization.Serialization(akka://actorSystem-json)] Using serializer [de.maxbundscherer.akka.serializationcomparision.serializer.JsonSerializer] for message [de.maxbundscherer.akka.serializationcomparision.persistence.CarGarageAggregate$AddComplexCarEvt]
[DEBUG] [01/04/2019 12:25:10.691] [actorSystem-json-akka.actor.default-dispatcher-6] [akka://actorSystem-json/user/$a] SaveSnapshotSuccess
[DEBUG] [01/04/2019 12:26:47.254] [actorSystem-json-akka.actor.default-dispatcher-6] [akka://actorSystem-json/user/$a] Do snapshot now
[INFO] [01/04/2019 12:26:47.254] [run-main-0] [akka.actor.ActorSystemImpl(actorSystem-json)] Test UpdateCar (1000000 operations)
[ERROR] [01/04/2019 12:26:47.255] [actorSystem-json-akka.actor.default-dispatcher-6] [akka://actorSystem-json/user/$a] Simulate crash
java.lang.RuntimeException: Simulate crash
	at de.maxbundscherer.akka.serializationcomparision.actors.CarGarageActor.de$maxbundscherer$akka$serializationcomparision$actors$CarGarageActor$$processCommand(CarGarageActor.scala:148)
	at de.maxbundscherer.akka.serializationcomparision.actors.CarGarageActor$$anonfun$receiveCommand$1.applyOrElse(CarGarageActor.scala:92)
	at akka.actor.Actor.aroundReceive(Actor.scala:517)
	at akka.actor.Actor.aroundReceive$(Actor.scala:515)
	at de.maxbundscherer.akka.serializationcomparision.actors.CarGarageActor.akka$persistence$Eventsourced$$super$aroundReceive(CarGarageActor.scala:39)
	at akka.persistence.Eventsourced$$anon$1.stateReceive(Eventsourced.scala:753)
	at akka.persistence.Eventsourced.aroundReceive(Eventsourced.scala:222)
	at akka.persistence.Eventsourced.aroundReceive$(Eventsourced.scala:221)
	at de.maxbundscherer.akka.serializationcomparision.actors.CarGarageActor.aroundReceive(CarGarageActor.scala:39)
	at akka.actor.ActorCell.receiveMessage(ActorCell.scala:588)
	at akka.actor.ActorCell.invoke(ActorCell.scala:557)
	at akka.dispatch.Mailbox.processMailbox(Mailbox.scala:258)
	at akka.dispatch.Mailbox.run(Mailbox.scala:225)
	at akka.dispatch.Mailbox.exec(Mailbox.scala:235)
	at akka.dispatch.forkjoin.ForkJoinTask.doExec(ForkJoinTask.java:260)
	at akka.dispatch.forkjoin.ForkJoinPool$WorkQueue.runTask(ForkJoinPool.java:1339)
	at akka.dispatch.forkjoin.ForkJoinPool.runWorker(ForkJoinPool.java:1979)
	at akka.dispatch.forkjoin.ForkJoinWorkerThread.run(ForkJoinWorkerThread.java:107)

[DEBUG] [01/04/2019 12:26:47.256] [actorSystem-json-akka.actor.default-dispatcher-6] [akka://actorSystem-json/user/$a] Actor online
[DEBUG] [01/04/2019 12:26:47.923] [actorSystem-json-akka.actor.default-dispatcher-7] [akka://actorSystem-json/user/$a] Restore from snapshot
[DEBUG] [01/04/2019 12:26:47.925] [actorSystem-json-akka.persistence.dispatchers.default-replay-dispatcher-18] [akka.serialization.Serialization(akka://actorSystem-json)] Using serializer [akka.persistence.serialization.MessageSerializer] for message [akka.persistence.PersistentRepr]
[DEBUG] [01/04/2019 12:26:50.751] [actorSystem-json-akka.actor.default-dispatcher-7] [akka://actorSystem-json/user/$a] RecoveryCompleted
[DEBUG] [01/04/2019 12:26:50.752] [actorSystem-json-akka.persistence.dispatchers.default-plugin-dispatcher-9] [akka.serialization.Serialization(akka://actorSystem-json)] Using serializer [de.maxbundscherer.akka.serializationcomparision.serializer.JsonSerializer] for message [de.maxbundscherer.akka.serializationcomparision.persistence.CarGarageAggregate$UpdateCarEvt]
[DEBUG] [01/04/2019 12:26:50.758] [actorSystem-json-akka.actor.default-dispatcher-19] [akka://actorSystem-json/user/$a] SaveSnapshotSuccess
[DEBUG] [01/04/2019 12:28:08.421] [actorSystem-json-akka.actor.default-dispatcher-4] [akka://actorSystem-json/user/$a] Do snapshot now
[DEBUG] [01/04/2019 12:28:10.097] [actorSystem-json-akka.actor.default-dispatcher-4] [akka://actorSystem-json/user/$a] SaveSnapshotSuccess
[DEBUG] [01/04/2019 12:29:24.050] [actorSystem-json-akka.actor.default-dispatcher-19] [akka://actorSystem-json/user/$a] Do snapshot now
[DEBUG] [01/04/2019 12:29:25.795] [actorSystem-json-akka.actor.default-dispatcher-19] [akka://actorSystem-json/user/$a] SaveSnapshotSuccess
[DEBUG] [01/04/2019 12:30:40.477] [actorSystem-json-akka.actor.default-dispatcher-19] [akka://actorSystem-json/user/$a] Do snapshot now
[DEBUG] [01/04/2019 12:30:42.453] [actorSystem-json-akka.actor.default-dispatcher-19] [akka://actorSystem-json/user/$a] SaveSnapshotSuccess
[DEBUG] [01/04/2019 12:31:56.514] [actorSystem-json-akka.actor.default-dispatcher-19] [akka://actorSystem-json/user/$a] Do snapshot now
[DEBUG] [01/04/2019 12:31:58.254] [actorSystem-json-akka.actor.default-dispatcher-2] [akka://actorSystem-json/user/$a] SaveSnapshotSuccess
[DEBUG] [01/04/2019 12:33:12.064] [actorSystem-json-akka.actor.default-dispatcher-19] [akka://actorSystem-json/user/$a] Do snapshot now
[DEBUG] [01/04/2019 12:33:13.752] [actorSystem-json-akka.actor.default-dispatcher-2] [akka://actorSystem-json/user/$a] SaveSnapshotSuccess
[DEBUG] [01/04/2019 12:34:28.394] [actorSystem-json-akka.actor.default-dispatcher-2] [akka://actorSystem-json/user/$a] Do snapshot now
[DEBUG] [01/04/2019 12:34:30.113] [actorSystem-json-akka.actor.default-dispatcher-2] [akka://actorSystem-json/user/$a] SaveSnapshotSuccess
[DEBUG] [01/04/2019 12:35:44.345] [actorSystem-json-akka.actor.default-dispatcher-2] [akka://actorSystem-json/user/$a] Do snapshot now
[DEBUG] [01/04/2019 12:35:46.122] [actorSystem-json-akka.actor.default-dispatcher-2] [akka://actorSystem-json/user/$a] SaveSnapshotSuccess
[DEBUG] [01/04/2019 12:36:59.963] [actorSystem-json-akka.actor.default-dispatcher-19] [akka://actorSystem-json/user/$a] Do snapshot now
[DEBUG] [01/04/2019 12:37:01.694] [actorSystem-json-akka.actor.default-dispatcher-3] [akka://actorSystem-json/user/$a] SaveSnapshotSuccess
[DEBUG] [01/04/2019 12:38:15.475] [actorSystem-json-akka.actor.default-dispatcher-19] [akka://actorSystem-json/user/$a] Do snapshot now
[DEBUG] [01/04/2019 12:38:17.273] [actorSystem-json-akka.actor.default-dispatcher-19] [akka://actorSystem-json/user/$a] SaveSnapshotSuccess
[DEBUG] [01/04/2019 12:39:30.983] [actorSystem-json-akka.actor.default-dispatcher-3] [akka://actorSystem-json/user/$a] Do snapshot now
[INFO] [01/04/2019 12:39:30.984] [run-main-0] [akka.actor.ActorSystemImpl(actorSystem-json)] Test UpdateComplexCar (1000000 operations)
[DEBUG] [01/04/2019 12:39:30.984] [actorSystem-json-akka.persistence.dispatchers.default-plugin-dispatcher-9] [akka.serialization.Serialization(akka://actorSystem-json)] Using serializer [de.maxbundscherer.akka.serializationcomparision.serializer.JsonSerializer] for message [de.maxbundscherer.akka.serializationcomparision.persistence.CarGarageAggregate$UpdateComplexCarEvt]
[DEBUG] [01/04/2019 12:39:32.700] [actorSystem-json-akka.actor.default-dispatcher-4] [akka://actorSystem-json/user/$a] SaveSnapshotSuccess
[DEBUG] [01/04/2019 12:41:08.950] [actorSystem-json-akka.actor.default-dispatcher-19] [akka://actorSystem-json/user/$a] Do snapshot now
[DEBUG] [01/04/2019 12:41:10.815] [actorSystem-json-akka.actor.default-dispatcher-4] [akka://actorSystem-json/user/$a] SaveSnapshotSuccess
[DEBUG] [01/04/2019 12:42:47.559] [actorSystem-json-akka.actor.default-dispatcher-7] [akka://actorSystem-json/user/$a] Do snapshot now
[DEBUG] [01/04/2019 12:42:49.332] [actorSystem-json-akka.actor.default-dispatcher-7] [akka://actorSystem-json/user/$a] SaveSnapshotSuccess
[DEBUG] [01/04/2019 12:44:24.169] [actorSystem-json-akka.actor.default-dispatcher-7] [akka://actorSystem-json/user/$a] Do snapshot now
[DEBUG] [01/04/2019 12:44:25.907] [actorSystem-json-akka.actor.default-dispatcher-7] [akka://actorSystem-json/user/$a] SaveSnapshotSuccess
[DEBUG] [01/04/2019 12:46:00.351] [actorSystem-json-akka.actor.default-dispatcher-7] [akka://actorSystem-json/user/$a] Do snapshot now
[DEBUG] [01/04/2019 12:46:02.153] [actorSystem-json-akka.actor.default-dispatcher-3] [akka://actorSystem-json/user/$a] SaveSnapshotSuccess
[DEBUG] [01/04/2019 12:47:35.787] [actorSystem-json-akka.actor.default-dispatcher-3] [akka://actorSystem-json/user/$a] Do snapshot now
[DEBUG] [01/04/2019 12:47:37.605] [actorSystem-json-akka.actor.default-dispatcher-3] [akka://actorSystem-json/user/$a] SaveSnapshotSuccess
[DEBUG] [01/04/2019 12:49:13.581] [actorSystem-json-akka.actor.default-dispatcher-2] [akka://actorSystem-json/user/$a] Do snapshot now
[DEBUG] [01/04/2019 12:49:15.421] [actorSystem-json-akka.actor.default-dispatcher-2] [akka://actorSystem-json/user/$a] SaveSnapshotSuccess
[DEBUG] [01/04/2019 12:50:51.230] [actorSystem-json-akka.actor.default-dispatcher-2] [akka://actorSystem-json/user/$a] Do snapshot now
[DEBUG] [01/04/2019 12:50:53.048] [actorSystem-json-akka.actor.default-dispatcher-19] [akka://actorSystem-json/user/$a] SaveSnapshotSuccess
[DEBUG] [01/04/2019 12:52:29.849] [actorSystem-json-akka.actor.default-dispatcher-19] [akka://actorSystem-json/user/$a] Do snapshot now
[DEBUG] [01/04/2019 12:52:31.710] [actorSystem-json-akka.actor.default-dispatcher-19] [akka://actorSystem-json/user/$a] SaveSnapshotSuccess
[DEBUG] [01/04/2019 12:54:55.500] [actorSystem-json-akka.actor.default-dispatcher-7] [akka://actorSystem-json/user/$a] Do snapshot now
[DEBUG] [01/04/2019 12:54:57.402] [actorSystem-json-akka.actor.default-dispatcher-19] [akka://actorSystem-json/user/$a] SaveSnapshotSuccess
[DEBUG] [01/04/2019 12:58:16.110] [actorSystem-json-akka.actor.default-dispatcher-19] [akka://actorSystem-json/user/$a] Do snapshot now
[ERROR] [01/04/2019 12:58:16.111] [actorSystem-json-akka.actor.default-dispatcher-19] [akka://actorSystem-json/user/$a] Simulate crash
java.lang.RuntimeException: Simulate crash
	at de.maxbundscherer.akka.serializationcomparision.actors.CarGarageActor.de$maxbundscherer$akka$serializationcomparision$actors$CarGarageActor$$processCommand(CarGarageActor.scala:148)
	at de.maxbundscherer.akka.serializationcomparision.actors.CarGarageActor$$anonfun$receiveCommand$1.applyOrElse(CarGarageActor.scala:92)
	at akka.actor.Actor.aroundReceive(Actor.scala:517)
	at akka.actor.Actor.aroundReceive$(Actor.scala:515)
	at de.maxbundscherer.akka.serializationcomparision.actors.CarGarageActor.akka$persistence$Eventsourced$$super$aroundReceive(CarGarageActor.scala:39)
	at akka.persistence.Eventsourced$$anon$1.stateReceive(Eventsourced.scala:753)
	at akka.persistence.Eventsourced.aroundReceive(Eventsourced.scala:222)
	at akka.persistence.Eventsourced.aroundReceive$(Eventsourced.scala:221)
	at de.maxbundscherer.akka.serializationcomparision.actors.CarGarageActor.aroundReceive(CarGarageActor.scala:39)
	at akka.actor.ActorCell.receiveMessage(ActorCell.scala:588)
	at akka.actor.ActorCell.invoke(ActorCell.scala:557)
	at akka.dispatch.Mailbox.processMailbox(Mailbox.scala:258)
	at akka.dispatch.Mailbox.run(Mailbox.scala:225)
	at akka.dispatch.Mailbox.exec(Mailbox.scala:235)
	at akka.dispatch.forkjoin.ForkJoinTask.doExec(ForkJoinTask.java:260)
	at akka.dispatch.forkjoin.ForkJoinPool$WorkQueue.runTask(ForkJoinPool.java:1339)
	at akka.dispatch.forkjoin.ForkJoinPool.runWorker(ForkJoinPool.java:1979)
	at akka.dispatch.forkjoin.ForkJoinWorkerThread.run(ForkJoinWorkerThread.java:107)

[DEBUG] [01/04/2019 12:58:16.112] [actorSystem-json-akka.actor.default-dispatcher-2] [akka://actorSystem-json/user/$a] Actor online
[DEBUG] [01/04/2019 12:58:19.099] [actorSystem-json-akka.actor.default-dispatcher-7] [akka://actorSystem-json/user/$a] Restore from snapshot
[DEBUG] [01/04/2019 12:58:21.514] [actorSystem-json-akka.actor.default-dispatcher-5] [akka://actorSystem-json/user/$a] RecoveryCompleted
[DEBUG] [01/04/2019 12:58:21.522] [actorSystem-json-akka.actor.default-dispatcher-5] [akka://actorSystem-json/user/$a] SaveSnapshotSuccess
[INFO] [01/04/2019 12:58:21.545] [run-main-0] [akka.actor.ActorSystemImpl(actorSystem-json)] StopTimeMeasurement: 2067 seconds
[INFO] [01/04/2019 12:58:21.545] [run-main-0] [akka.actor.ActorSystemImpl(actorSystem-json)] --- End Experiment (modeValue='json') ---
[DEBUG] [01/04/2019 12:58:22.546] [actorSystem-json-akka.actor.default-dispatcher-20] [EventStream] shutting down: StandardOutLogger
[DEBUG] [01/04/2019 12:58:22.568] [run-main-0] [EventStream(akka://actorSystem-protobuf)] logger log1-Logging$DefaultLogger started
[DEBUG] [01/04/2019 12:58:22.568] [run-main-0] [EventStream(akka://actorSystem-protobuf)] Default Loggers started
[INFO] [01/04/2019 12:58:22.578] [run-main-0] [akka.actor.ActorSystemImpl(actorSystem-protobuf)] --- Start Experiment (modeValue='protobuf') ---
[DEBUG] [01/04/2019 12:58:22.584] [actorSystem-protobuf-akka.actor.default-dispatcher-4] [akka.persistence.Persistence(akka://actorSystem-protobuf)] Create plugin: akka.persistence.journal.leveldb akka.persistence.journal.leveldb.LeveldbJournal
[DEBUG] [01/04/2019 12:58:22.585] [actorSystem-protobuf-akka.actor.default-dispatcher-4] [akka://actorSystem-protobuf/user/$a] Actor online
[DEBUG] [01/04/2019 12:58:22.585] [actorSystem-protobuf-akka.actor.default-dispatcher-4] [akka.persistence.Persistence(akka://actorSystem-protobuf)] Create plugin: akka.persistence.snapshot-store.local akka.persistence.snapshot.local.LocalSnapshotStore
[DEBUG] [01/04/2019 12:58:22.595] [actorSystem-protobuf-akka.actor.default-dispatcher-3] [akka://actorSystem-protobuf/user/$a] RecoveryCompleted
[INFO] [01/04/2019 12:58:22.596] [run-main-0] [akka.actor.ActorSystemImpl(actorSystem-protobuf)] Test AddCar (100000 operations)
[DEBUG] [01/04/2019 12:58:22.597] [actorSystem-protobuf-akka.persistence.dispatchers.default-plugin-dispatcher-6] [akka.serialization.Serialization(akka://actorSystem-protobuf)] Using serializer [akka.persistence.serialization.MessageSerializer] for message [akka.persistence.PersistentImpl]
[DEBUG] [01/04/2019 12:58:22.597] [actorSystem-protobuf-akka.persistence.dispatchers.default-plugin-dispatcher-6] [akka.serialization.Serialization(akka://actorSystem-protobuf)] Using serializer [de.maxbundscherer.akka.serializationcomparision.serializer.ProtobufSerializer] for message [de.maxbundscherer.akka.serializationcomparision.persistence.CarGarageAggregate$AddCarEvt]
[DEBUG] [01/04/2019 13:00:49.598] [actorSystem-protobuf-akka.actor.default-dispatcher-5] [akka://actorSystem-protobuf/user/$a] Do snapshot now
[INFO] [01/04/2019 13:00:49.599] [run-main-0] [akka.actor.ActorSystemImpl(actorSystem-protobuf)] Test AddComplexCar (100000 operations)
[DEBUG] [01/04/2019 13:00:49.599] [actorSystem-protobuf-akka.persistence.dispatchers.default-plugin-dispatcher-6] [akka.serialization.Serialization(akka://actorSystem-protobuf)] Using serializer [de.maxbundscherer.akka.serializationcomparision.serializer.ProtobufSerializer] for message [de.maxbundscherer.akka.serializationcomparision.persistence.CarGarageAggregate$AddComplexCarEvt]
[DEBUG] [01/04/2019 13:00:49.856] [actorSystem-protobuf-akka.actor.default-dispatcher-2] [akka://actorSystem-protobuf/user/$a] SaveSnapshotSuccess
[DEBUG] [01/04/2019 13:03:54.735] [actorSystem-protobuf-akka.actor.default-dispatcher-5] [akka://actorSystem-protobuf/user/$a] Do snapshot now
[INFO] [01/04/2019 13:03:54.735] [run-main-0] [akka.actor.ActorSystemImpl(actorSystem-protobuf)] Test UpdateCar (1000000 operations)
[ERROR] [01/04/2019 13:03:54.737] [actorSystem-protobuf-akka.actor.default-dispatcher-5] [akka://actorSystem-protobuf/user/$a] Simulate crash
java.lang.RuntimeException: Simulate crash
	at de.maxbundscherer.akka.serializationcomparision.actors.CarGarageActor.de$maxbundscherer$akka$serializationcomparision$actors$CarGarageActor$$processCommand(CarGarageActor.scala:148)
	at de.maxbundscherer.akka.serializationcomparision.actors.CarGarageActor$$anonfun$receiveCommand$1.applyOrElse(CarGarageActor.scala:92)
	at akka.actor.Actor.aroundReceive(Actor.scala:517)
	at akka.actor.Actor.aroundReceive$(Actor.scala:515)
	at de.maxbundscherer.akka.serializationcomparision.actors.CarGarageActor.akka$persistence$Eventsourced$$super$aroundReceive(CarGarageActor.scala:39)
	at akka.persistence.Eventsourced$$anon$1.stateReceive(Eventsourced.scala:753)
	at akka.persistence.Eventsourced.aroundReceive(Eventsourced.scala:222)
	at akka.persistence.Eventsourced.aroundReceive$(Eventsourced.scala:221)
	at de.maxbundscherer.akka.serializationcomparision.actors.CarGarageActor.aroundReceive(CarGarageActor.scala:39)
	at akka.actor.ActorCell.receiveMessage(ActorCell.scala:588)
	at akka.actor.ActorCell.invoke(ActorCell.scala:557)
	at akka.dispatch.Mailbox.processMailbox(Mailbox.scala:258)
	at akka.dispatch.Mailbox.run(Mailbox.scala:225)
	at akka.dispatch.Mailbox.exec(Mailbox.scala:235)
	at akka.dispatch.forkjoin.ForkJoinTask.doExec(ForkJoinTask.java:260)
	at akka.dispatch.forkjoin.ForkJoinPool$WorkQueue.runTask(ForkJoinPool.java:1339)
	at akka.dispatch.forkjoin.ForkJoinPool.runWorker(ForkJoinPool.java:1979)
	at akka.dispatch.forkjoin.ForkJoinWorkerThread.run(ForkJoinWorkerThread.java:107)

[DEBUG] [01/04/2019 13:03:54.748] [actorSystem-protobuf-akka.actor.default-dispatcher-2] [akka://actorSystem-protobuf/user/$a] Actor online
[DEBUG] [01/04/2019 13:03:54.950] [actorSystem-protobuf-akka.actor.default-dispatcher-2] [akka://actorSystem-protobuf/user/$a] Restore from snapshot
[DEBUG] [01/04/2019 13:03:54.952] [actorSystem-protobuf-akka.persistence.dispatchers.default-replay-dispatcher-15] [akka.serialization.Serialization(akka://actorSystem-protobuf)] Using serializer [akka.persistence.serialization.MessageSerializer] for message [akka.persistence.PersistentRepr]
[DEBUG] [01/04/2019 13:03:55.710] [actorSystem-protobuf-akka.actor.default-dispatcher-18] [akka://actorSystem-protobuf/user/$a] RecoveryCompleted
[DEBUG] [01/04/2019 13:03:55.710] [actorSystem-protobuf-akka.persistence.dispatchers.default-plugin-dispatcher-6] [akka.serialization.Serialization(akka://actorSystem-protobuf)] Using serializer [de.maxbundscherer.akka.serializationcomparision.serializer.ProtobufSerializer] for message [de.maxbundscherer.akka.serializationcomparision.persistence.CarGarageAggregate$UpdateCarEvt]
[DEBUG] [01/04/2019 13:03:55.729] [actorSystem-protobuf-akka.actor.default-dispatcher-22] [akka://actorSystem-protobuf/user/$a] SaveSnapshotSuccess
[DEBUG] [01/04/2019 13:06:28.477] [actorSystem-protobuf-akka.actor.default-dispatcher-22] [akka://actorSystem-protobuf/user/$a] Do snapshot now
[DEBUG] [01/04/2019 13:06:29.094] [actorSystem-protobuf-akka.actor.default-dispatcher-18] [akka://actorSystem-protobuf/user/$a] SaveSnapshotSuccess
[DEBUG] [01/04/2019 13:09:02.149] [actorSystem-protobuf-akka.actor.default-dispatcher-23] [akka://actorSystem-protobuf/user/$a] Do snapshot now
[DEBUG] [01/04/2019 13:09:02.809] [actorSystem-protobuf-akka.actor.default-dispatcher-4] [akka://actorSystem-protobuf/user/$a] SaveSnapshotSuccess
[DEBUG] [01/04/2019 13:11:35.775] [actorSystem-protobuf-akka.actor.default-dispatcher-23] [akka://actorSystem-protobuf/user/$a] Do snapshot now
[DEBUG] [01/04/2019 13:11:36.407] [actorSystem-protobuf-akka.actor.default-dispatcher-4] [akka://actorSystem-protobuf/user/$a] SaveSnapshotSuccess
[DEBUG] [01/04/2019 13:14:09.509] [actorSystem-protobuf-akka.actor.default-dispatcher-23] [akka://actorSystem-protobuf/user/$a] Do snapshot now
[DEBUG] [01/04/2019 13:14:10.122] [actorSystem-protobuf-akka.actor.default-dispatcher-23] [akka://actorSystem-protobuf/user/$a] SaveSnapshotSuccess
[DEBUG] [01/04/2019 13:16:43.246] [actorSystem-protobuf-akka.actor.default-dispatcher-4] [akka://actorSystem-protobuf/user/$a] Do snapshot now
[DEBUG] [01/04/2019 13:16:43.870] [actorSystem-protobuf-akka.actor.default-dispatcher-4] [akka://actorSystem-protobuf/user/$a] SaveSnapshotSuccess
[DEBUG] [01/04/2019 13:19:17.054] [actorSystem-protobuf-akka.actor.default-dispatcher-22] [akka://actorSystem-protobuf/user/$a] Do snapshot now
[DEBUG] [01/04/2019 13:19:17.676] [actorSystem-protobuf-akka.actor.default-dispatcher-22] [akka://actorSystem-protobuf/user/$a] SaveSnapshotSuccess
[DEBUG] [01/04/2019 13:21:50.675] [actorSystem-protobuf-akka.actor.default-dispatcher-23] [akka://actorSystem-protobuf/user/$a] Do snapshot now
[DEBUG] [01/04/2019 13:21:51.287] [actorSystem-protobuf-akka.actor.default-dispatcher-23] [akka://actorSystem-protobuf/user/$a] SaveSnapshotSuccess
[DEBUG] [01/04/2019 13:24:24.276] [actorSystem-protobuf-akka.actor.default-dispatcher-23] [akka://actorSystem-protobuf/user/$a] Do snapshot now
[DEBUG] [01/04/2019 13:24:24.902] [actorSystem-protobuf-akka.actor.default-dispatcher-23] [akka://actorSystem-protobuf/user/$a] SaveSnapshotSuccess
[DEBUG] [01/04/2019 13:26:58.003] [actorSystem-protobuf-akka.actor.default-dispatcher-22] [akka://actorSystem-protobuf/user/$a] Do snapshot now
[DEBUG] [01/04/2019 13:26:58.614] [actorSystem-protobuf-akka.actor.default-dispatcher-22] [akka://actorSystem-protobuf/user/$a] SaveSnapshotSuccess
[DEBUG] [01/04/2019 13:29:31.586] [actorSystem-protobuf-akka.actor.default-dispatcher-22] [akka://actorSystem-protobuf/user/$a] Do snapshot now
[INFO] [01/04/2019 13:29:31.587] [run-main-0] [akka.actor.ActorSystemImpl(actorSystem-protobuf)] Test UpdateComplexCar (1000000 operations)
[DEBUG] [01/04/2019 13:29:31.587] [actorSystem-protobuf-akka.persistence.dispatchers.default-plugin-dispatcher-6] [akka.serialization.Serialization(akka://actorSystem-protobuf)] Using serializer [de.maxbundscherer.akka.serializationcomparision.serializer.ProtobufSerializer] for message [de.maxbundscherer.akka.serializationcomparision.persistence.CarGarageAggregate$UpdateComplexCarEvt]
[DEBUG] [01/04/2019 13:29:32.218] [actorSystem-protobuf-akka.actor.default-dispatcher-4] [akka://actorSystem-protobuf/user/$a] SaveSnapshotSuccess
[DEBUG] [01/04/2019 13:32:37.202] [actorSystem-protobuf-akka.actor.default-dispatcher-4] [akka://actorSystem-protobuf/user/$a] Do snapshot now
[DEBUG] [01/04/2019 13:32:37.836] [actorSystem-protobuf-akka.actor.default-dispatcher-18] [akka://actorSystem-protobuf/user/$a] SaveSnapshotSuccess
[DEBUG] [01/04/2019 13:35:42.768] [actorSystem-protobuf-akka.actor.default-dispatcher-22] [akka://actorSystem-protobuf/user/$a] Do snapshot now
[DEBUG] [01/04/2019 13:35:43.474] [actorSystem-protobuf-akka.actor.default-dispatcher-22] [akka://actorSystem-protobuf/user/$a] SaveSnapshotSuccess
[DEBUG] [01/04/2019 13:38:48.621] [actorSystem-protobuf-akka.actor.default-dispatcher-4] [akka://actorSystem-protobuf/user/$a] Do snapshot now
[DEBUG] [01/04/2019 13:38:49.264] [actorSystem-protobuf-akka.actor.default-dispatcher-4] [akka://actorSystem-protobuf/user/$a] SaveSnapshotSuccess
[DEBUG] [01/04/2019 13:41:54.329] [actorSystem-protobuf-akka.actor.default-dispatcher-18] [akka://actorSystem-protobuf/user/$a] Do snapshot now
[DEBUG] [01/04/2019 13:41:55.016] [actorSystem-protobuf-akka.actor.default-dispatcher-23] [akka://actorSystem-protobuf/user/$a] SaveSnapshotSuccess
[DEBUG] [01/04/2019 13:44:59.865] [actorSystem-protobuf-akka.actor.default-dispatcher-22] [akka://actorSystem-protobuf/user/$a] Do snapshot now
[DEBUG] [01/04/2019 13:45:00.519] [actorSystem-protobuf-akka.actor.default-dispatcher-22] [akka://actorSystem-protobuf/user/$a] SaveSnapshotSuccess
[DEBUG] [01/04/2019 13:48:05.573] [actorSystem-protobuf-akka.actor.default-dispatcher-18] [akka://actorSystem-protobuf/user/$a] Do snapshot now
[DEBUG] [01/04/2019 13:48:06.232] [actorSystem-protobuf-akka.actor.default-dispatcher-18] [akka://actorSystem-protobuf/user/$a] SaveSnapshotSuccess
[DEBUG] [01/04/2019 13:51:11.315] [actorSystem-protobuf-akka.actor.default-dispatcher-22] [akka://actorSystem-protobuf/user/$a] Do snapshot now
[DEBUG] [01/04/2019 13:51:11.971] [actorSystem-protobuf-akka.actor.default-dispatcher-22] [akka://actorSystem-protobuf/user/$a] SaveSnapshotSuccess
[DEBUG] [01/04/2019 13:54:16.916] [actorSystem-protobuf-akka.actor.default-dispatcher-22] [akka://actorSystem-protobuf/user/$a] Do snapshot now
[DEBUG] [01/04/2019 13:54:17.586] [actorSystem-protobuf-akka.actor.default-dispatcher-22] [akka://actorSystem-protobuf/user/$a] SaveSnapshotSuccess
[DEBUG] [01/04/2019 13:57:22.786] [actorSystem-protobuf-akka.actor.default-dispatcher-18] [akka://actorSystem-protobuf/user/$a] Do snapshot now
[DEBUG] [01/04/2019 13:57:23.425] [actorSystem-protobuf-akka.actor.default-dispatcher-18] [akka://actorSystem-protobuf/user/$a] SaveSnapshotSuccess
[DEBUG] [01/04/2019 14:00:28.368] [actorSystem-protobuf-akka.actor.default-dispatcher-22] [akka://actorSystem-protobuf/user/$a] Do snapshot now
[ERROR] [01/04/2019 14:00:28.369] [actorSystem-protobuf-akka.actor.default-dispatcher-22] [akka://actorSystem-protobuf/user/$a] Simulate crash
java.lang.RuntimeException: Simulate crash
	at de.maxbundscherer.akka.serializationcomparision.actors.CarGarageActor.de$maxbundscherer$akka$serializationcomparision$actors$CarGarageActor$$processCommand(CarGarageActor.scala:148)
	at de.maxbundscherer.akka.serializationcomparision.actors.CarGarageActor$$anonfun$receiveCommand$1.applyOrElse(CarGarageActor.scala:92)
	at akka.actor.Actor.aroundReceive(Actor.scala:517)
	at akka.actor.Actor.aroundReceive$(Actor.scala:515)
	at de.maxbundscherer.akka.serializationcomparision.actors.CarGarageActor.akka$persistence$Eventsourced$$super$aroundReceive(CarGarageActor.scala:39)
	at akka.persistence.Eventsourced$$anon$1.stateReceive(Eventsourced.scala:753)
	at akka.persistence.Eventsourced.aroundReceive(Eventsourced.scala:222)
	at akka.persistence.Eventsourced.aroundReceive$(Eventsourced.scala:221)
	at de.maxbundscherer.akka.serializationcomparision.actors.CarGarageActor.aroundReceive(CarGarageActor.scala:39)
	at akka.actor.ActorCell.receiveMessage(ActorCell.scala:588)
	at akka.actor.ActorCell.invoke(ActorCell.scala:557)
	at akka.dispatch.Mailbox.processMailbox(Mailbox.scala:258)
	at akka.dispatch.Mailbox.run(Mailbox.scala:225)
	at akka.dispatch.Mailbox.exec(Mailbox.scala:235)
	at akka.dispatch.forkjoin.ForkJoinTask.doExec(ForkJoinTask.java:260)
	at akka.dispatch.forkjoin.ForkJoinPool$WorkQueue.runTask(ForkJoinPool.java:1339)
	at akka.dispatch.forkjoin.ForkJoinPool.runWorker(ForkJoinPool.java:1979)
	at akka.dispatch.forkjoin.ForkJoinWorkerThread.run(ForkJoinWorkerThread.java:107)

[DEBUG] [01/04/2019 14:00:28.369] [actorSystem-protobuf-akka.actor.default-dispatcher-18] [akka://actorSystem-protobuf/user/$a] Actor online
[DEBUG] [01/04/2019 14:00:28.753] [actorSystem-protobuf-akka.actor.default-dispatcher-23] [akka://actorSystem-protobuf/user/$a] Restore from snapshot
[DEBUG] [01/04/2019 14:00:29.556] [actorSystem-protobuf-akka.actor.default-dispatcher-16] [akka://actorSystem-protobuf/user/$a] RecoveryCompleted
[DEBUG] [01/04/2019 14:00:29.572] [actorSystem-protobuf-akka.actor.default-dispatcher-16] [akka://actorSystem-protobuf/user/$a] SaveSnapshotSuccess
[INFO] [01/04/2019 14:00:29.595] [run-main-0] [akka.actor.ActorSystemImpl(actorSystem-protobuf)] StopTimeMeasurement: 3727 seconds
[INFO] [01/04/2019 14:00:29.595] [run-main-0] [akka.actor.ActorSystemImpl(actorSystem-protobuf)] --- End Experiment (modeValue='protobuf') ---
[DEBUG] [01/04/2019 14:00:30.596] [actorSystem-protobuf-akka.actor.default-dispatcher-16] [EventStream] shutting down: StandardOutLogger
[0m[[0m[32msuccess[0m] [0m[0mTotal time: 7915 s, completed Jan 4, 2019, 2:00:31 PM[0m
