[0m[[0m[0minfo[0m] [0m[0mLoading settings for project akka-serialization-comparision-build from protoc.sbt ...[0m
[0m[[0m[0minfo[0m] [0m[0mLoading project definition from /home/ubuntu/akka-serialization-comparision/project[0m
[0m[[0m[0minfo[0m] [0m[0mLoading settings for project akka-serialization-comparision from build.sbt ...[0m
[0m[[0m[0minfo[0m] [0m[0mSet current project to akka-serialization-comparision (in build file:/home/ubuntu/akka-serialization-comparision/)[0m
[0m[[0m[32msuccess[0m] [0m[0mTotal time: 0 s, completed Jan 3, 2019, 3:26:38 PM[0m
[0m[[0m[0minfo[0m] [0m[0mUpdating ...[0m
[0m[[0m[0minfo[0m] [0m[0mDone updating.[0m
[0m[[0m[33mwarn[0m] [0m[0mThere may be incompatibilities among your library dependencies.[0m
[0m[[0m[33mwarn[0m] [0m[0mRun 'evicted' to see detailed eviction warnings[0m
[0m[[0m[0minfo[0m] [0m[0mCompiling 1 protobuf files to /home/ubuntu/akka-serialization-comparision/target/scala-2.12/src_managed/main[0m
[0m[[0m[0minfo[0m] [0m[0mCompiling schema /home/ubuntu/akka-serialization-comparision/src/main/protobuf/protobuf.proto[0m
protoc-jar: protoc version: 3.6.0, detected platform: linux-x86_64 (linux/amd64)
protoc-jar: embedded: bin/3.6.0/protoc-3.6.0-linux-x86_64.exe
protoc-jar: executing: [/tmp/protocjar53683855373525300/bin/protoc.exe, --plugin=protoc-gen-scala=/tmp/protocbridge5936420897757131727, --scala_out=grpc:/home/ubuntu/akka-serialization-comparision/target/scala-2.12/src_managed/main, -I/home/ubuntu/akka-serialization-comparision/src/main/protobuf, -I/home/ubuntu/akka-serialization-comparision/target/protobuf_external, -I/home/ubuntu/akka-serialization-comparision/src/main/protobuf, -I/home/ubuntu/akka-serialization-comparision/target/protobuf_external, /home/ubuntu/akka-serialization-comparision/src/main/protobuf/protobuf.proto]
[0m[[0m[0minfo[0m] [0m[0mCompiling protobuf[0m
[0m[[0m[0minfo[0m] [0m[0mProtoc target directory: /home/ubuntu/akka-serialization-comparision/target/scala-2.12/src_managed/main[0m
[0m[[0m[0minfo[0m] [0m[0mCompiling 33 Scala sources and 7 Java sources to /home/ubuntu/akka-serialization-comparision/target/scala-2.12/classes ...[0m
[0m[[0m[33mwarn[0m] [0m[0mthere were 11 feature warnings; re-run with -feature for details[0m
[0m[[0m[33mwarn[0m] [0m[0mone warning found[0m
[0m[[0m[0minfo[0m] [0m[0mDone compiling.[0m
[0m[[0m[0minfo[0m] [0m[0mPackaging /home/ubuntu/akka-serialization-comparision/target/scala-2.12/akka-serialization-comparision_2.12-0.1.jar ...[0m
[0m[[0m[0minfo[0m] [0m[0mDone packaging.[0m
[0m[[0m[0minfo[0m] [0m[0mRunning de.maxbundscherer.akka.serializationcomparision.Main [0m
[DEBUG] [01/03/2019 15:26:59.321] [run-main-0] [EventStream(akka://actorSystem-java)] logger log1-Logging$DefaultLogger started
[DEBUG] [01/03/2019 15:26:59.322] [run-main-0] [EventStream(akka://actorSystem-java)] Default Loggers started
[INFO] [01/03/2019 15:26:59.387] [run-main-0] [akka.actor.ActorSystemImpl(actorSystem-java)] --- Start Experiment (modeValue='java') ---
[DEBUG] [01/03/2019 15:26:59.397] [actorSystem-java-akka.actor.default-dispatcher-5] [akka.persistence.Persistence(akka://actorSystem-java)] Create plugin: akka.persistence.journal.leveldb akka.persistence.journal.leveldb.LeveldbJournal
[DEBUG] [01/03/2019 15:26:59.429] [actorSystem-java-akka.actor.default-dispatcher-5] [akka://actorSystem-java/user/$a] Actor online
[DEBUG] [01/03/2019 15:26:59.432] [actorSystem-java-akka.actor.default-dispatcher-5] [akka.persistence.Persistence(akka://actorSystem-java)] Create plugin: akka.persistence.snapshot-store.local akka.persistence.snapshot.local.LocalSnapshotStore
[DEBUG] [01/03/2019 15:26:59.521] [actorSystem-java-akka.actor.default-dispatcher-3] [akka://actorSystem-java/user/$a] RecoveryCompleted
[INFO] [01/03/2019 15:26:59.529] [run-main-0] [akka.actor.ActorSystemImpl(actorSystem-java)] Test AddCar (100000 operations)
[DEBUG] [01/03/2019 15:27:08.380] [actorSystem-java-akka.persistence.dispatchers.default-plugin-dispatcher-6] [akka.serialization.Serialization(akka://actorSystem-java)] Using serializer [akka.persistence.serialization.MessageSerializer] for message [akka.persistence.PersistentImpl]
[DEBUG] [01/03/2019 15:27:08.394] [actorSystem-java-akka.persistence.dispatchers.default-plugin-dispatcher-6] [akka.serialization.Serialization(akka://actorSystem-java)] Using serializer [de.maxbundscherer.akka.serializationcomparision.serializer.JavaSerializer] for message [de.maxbundscherer.akka.serializationcomparision.persistence.CarGarageAggregate$AddCarEvt]
[DEBUG] [01/03/2019 15:28:29.632] [actorSystem-java-akka.actor.default-dispatcher-4] [akka://actorSystem-java/user/$a] Do snapshot now
[INFO] [01/03/2019 15:28:29.634] [run-main-0] [akka.actor.ActorSystemImpl(actorSystem-java)] Test AddComplexCar (100000 operations)
[DEBUG] [01/03/2019 15:28:29.638] [actorSystem-java-akka.persistence.dispatchers.default-plugin-dispatcher-6] [akka.serialization.Serialization(akka://actorSystem-java)] Using serializer [de.maxbundscherer.akka.serializationcomparision.serializer.JavaSerializer] for message [de.maxbundscherer.akka.serializationcomparision.persistence.CarGarageAggregate$AddComplexCarEvt]
[DEBUG] [01/03/2019 15:28:30.158] [actorSystem-java-akka.actor.default-dispatcher-3] [akka://actorSystem-java/user/$a] SaveSnapshotSuccess
[DEBUG] [01/03/2019 15:30:09.709] [actorSystem-java-akka.actor.default-dispatcher-5] [akka://actorSystem-java/user/$a] Do snapshot now
[INFO] [01/03/2019 15:30:09.711] [run-main-0] [akka.actor.ActorSystemImpl(actorSystem-java)] Test UpdateCar (1000000 operations)
[ERROR] [01/03/2019 15:30:09.716] [actorSystem-java-akka.actor.default-dispatcher-2] [akka://actorSystem-java/user/$a] Simulate crash
java.lang.RuntimeException: Simulate crash
	at de.maxbundscherer.akka.serializationcomparision.actors.CarGarageActor.de$maxbundscherer$akka$serializationcomparision$actors$CarGarageActor$$processCommand(CarGarageActor.scala:148)
	at de.maxbundscherer.akka.serializationcomparision.actors.CarGarageActor$$anonfun$receiveCommand$1.applyOrElse(CarGarageActor.scala:92)
	at akka.actor.Actor.aroundReceive(Actor.scala:517)
	at akka.actor.Actor.aroundReceive$(Actor.scala:515)
	at de.maxbundscherer.akka.serializationcomparision.actors.CarGarageActor.akka$persistence$Eventsourced$$super$aroundReceive(CarGarageActor.scala:39)
	at akka.persistence.Eventsourced$$anon$1.stateReceive(Eventsourced.scala:753)
	at akka.persistence.Eventsourced.aroundReceive(Eventsourced.scala:222)
	at akka.persistence.Eventsourced.aroundReceive$(Eventsourced.scala:221)
	at de.maxbundscherer.akka.serializationcomparision.actors.CarGarageActor.aroundReceive(CarGarageActor.scala:39)
	at akka.actor.ActorCell.receiveMessage(ActorCell.scala:588)
	at akka.actor.ActorCell.invoke(ActorCell.scala:557)
	at akka.dispatch.Mailbox.processMailbox(Mailbox.scala:258)
	at akka.dispatch.Mailbox.run(Mailbox.scala:225)
	at akka.dispatch.Mailbox.exec(Mailbox.scala:235)
	at akka.dispatch.forkjoin.ForkJoinTask.doExec(ForkJoinTask.java:260)
	at akka.dispatch.forkjoin.ForkJoinPool$WorkQueue.runTask(ForkJoinPool.java:1339)
	at akka.dispatch.forkjoin.ForkJoinPool.runWorker(ForkJoinPool.java:1979)
	at akka.dispatch.forkjoin.ForkJoinWorkerThread.run(ForkJoinWorkerThread.java:107)

[DEBUG] [01/03/2019 15:30:09.719] [actorSystem-java-akka.actor.default-dispatcher-4] [akka://actorSystem-java/user/$a] Actor online
[DEBUG] [01/03/2019 15:30:10.767] [actorSystem-java-akka.actor.default-dispatcher-2] [akka://actorSystem-java/user/$a] Restore from snapshot
[DEBUG] [01/03/2019 15:30:10.774] [actorSystem-java-akka.persistence.dispatchers.default-replay-dispatcher-17] [akka.serialization.Serialization(akka://actorSystem-java)] Using serializer [akka.persistence.serialization.MessageSerializer] for message [akka.persistence.PersistentRepr]
[DEBUG] [01/03/2019 15:30:16.091] [actorSystem-java-akka.actor.default-dispatcher-2] [akka://actorSystem-java/user/$a] RecoveryCompleted
[DEBUG] [01/03/2019 15:30:16.091] [actorSystem-java-akka.persistence.dispatchers.default-plugin-dispatcher-6] [akka.serialization.Serialization(akka://actorSystem-java)] Using serializer [de.maxbundscherer.akka.serializationcomparision.serializer.JavaSerializer] for message [de.maxbundscherer.akka.serializationcomparision.persistence.CarGarageAggregate$UpdateCarEvt]
[DEBUG] [01/03/2019 15:30:16.094] [actorSystem-java-akka.actor.default-dispatcher-18] [akka://actorSystem-java/user/$a] SaveSnapshotSuccess
[DEBUG] [01/03/2019 15:31:36.102] [actorSystem-java-akka.actor.default-dispatcher-18] [akka://actorSystem-java/user/$a] Do snapshot now
[DEBUG] [01/03/2019 15:31:36.928] [actorSystem-java-akka.actor.default-dispatcher-14] [akka://actorSystem-java/user/$a] SaveSnapshotSuccess
[DEBUG] [01/03/2019 15:32:57.487] [actorSystem-java-akka.actor.default-dispatcher-18] [akka://actorSystem-java/user/$a] Do snapshot now
[DEBUG] [01/03/2019 15:32:58.190] [actorSystem-java-akka.actor.default-dispatcher-14] [akka://actorSystem-java/user/$a] SaveSnapshotSuccess
[DEBUG] [01/03/2019 15:34:18.686] [actorSystem-java-akka.actor.default-dispatcher-14] [akka://actorSystem-java/user/$a] Do snapshot now
[DEBUG] [01/03/2019 15:34:19.329] [actorSystem-java-akka.actor.default-dispatcher-14] [akka://actorSystem-java/user/$a] SaveSnapshotSuccess
[DEBUG] [01/03/2019 15:35:41.380] [actorSystem-java-akka.actor.default-dispatcher-18] [akka://actorSystem-java/user/$a] Do snapshot now
[DEBUG] [01/03/2019 15:35:42.073] [actorSystem-java-akka.actor.default-dispatcher-14] [akka://actorSystem-java/user/$a] SaveSnapshotSuccess
[DEBUG] [01/03/2019 15:37:03.333] [actorSystem-java-akka.actor.default-dispatcher-15] [akka://actorSystem-java/user/$a] Do snapshot now
[DEBUG] [01/03/2019 15:37:04.019] [actorSystem-java-akka.actor.default-dispatcher-14] [akka://actorSystem-java/user/$a] SaveSnapshotSuccess
[DEBUG] [01/03/2019 15:38:24.266] [actorSystem-java-akka.actor.default-dispatcher-14] [akka://actorSystem-java/user/$a] Do snapshot now
[DEBUG] [01/03/2019 15:38:24.921] [actorSystem-java-akka.actor.default-dispatcher-2] [akka://actorSystem-java/user/$a] SaveSnapshotSuccess
[DEBUG] [01/03/2019 15:39:45.453] [actorSystem-java-akka.actor.default-dispatcher-15] [akka://actorSystem-java/user/$a] Do snapshot now
[DEBUG] [01/03/2019 15:39:46.156] [actorSystem-java-akka.actor.default-dispatcher-15] [akka://actorSystem-java/user/$a] SaveSnapshotSuccess
[DEBUG] [01/03/2019 15:41:05.447] [actorSystem-java-akka.actor.default-dispatcher-15] [akka://actorSystem-java/user/$a] Do snapshot now
[DEBUG] [01/03/2019 15:41:06.144] [actorSystem-java-akka.actor.default-dispatcher-18] [akka://actorSystem-java/user/$a] SaveSnapshotSuccess
[DEBUG] [01/03/2019 15:42:25.890] [actorSystem-java-akka.actor.default-dispatcher-18] [akka://actorSystem-java/user/$a] Do snapshot now
[DEBUG] [01/03/2019 15:42:26.526] [actorSystem-java-akka.actor.default-dispatcher-2] [akka://actorSystem-java/user/$a] SaveSnapshotSuccess
[DEBUG] [01/03/2019 15:43:45.625] [actorSystem-java-akka.actor.default-dispatcher-18] [akka://actorSystem-java/user/$a] Do snapshot now
[INFO] [01/03/2019 15:43:45.626] [run-main-0] [akka.actor.ActorSystemImpl(actorSystem-java)] Test UpdateComplexCar (1000000 operations)
[DEBUG] [01/03/2019 15:43:45.627] [actorSystem-java-akka.persistence.dispatchers.default-plugin-dispatcher-6] [akka.serialization.Serialization(akka://actorSystem-java)] Using serializer [de.maxbundscherer.akka.serializationcomparision.serializer.JavaSerializer] for message [de.maxbundscherer.akka.serializationcomparision.persistence.CarGarageAggregate$UpdateComplexCarEvt]
[DEBUG] [01/03/2019 15:43:46.387] [actorSystem-java-akka.actor.default-dispatcher-18] [akka://actorSystem-java/user/$a] SaveSnapshotSuccess
[DEBUG] [01/03/2019 15:45:24.401] [actorSystem-java-akka.actor.default-dispatcher-14] [akka://actorSystem-java/user/$a] Do snapshot now
[DEBUG] [01/03/2019 15:45:25.094] [actorSystem-java-akka.actor.default-dispatcher-14] [akka://actorSystem-java/user/$a] SaveSnapshotSuccess
[DEBUG] [01/03/2019 15:47:04.438] [actorSystem-java-akka.actor.default-dispatcher-15] [akka://actorSystem-java/user/$a] Do snapshot now
[DEBUG] [01/03/2019 15:47:05.108] [actorSystem-java-akka.actor.default-dispatcher-15] [akka://actorSystem-java/user/$a] SaveSnapshotSuccess
[DEBUG] [01/03/2019 15:48:43.843] [actorSystem-java-akka.actor.default-dispatcher-2] [akka://actorSystem-java/user/$a] Do snapshot now
[DEBUG] [01/03/2019 15:48:44.484] [actorSystem-java-akka.actor.default-dispatcher-2] [akka://actorSystem-java/user/$a] SaveSnapshotSuccess
[DEBUG] [01/03/2019 15:50:23.481] [actorSystem-java-akka.actor.default-dispatcher-21] [akka://actorSystem-java/user/$a] Do snapshot now
[DEBUG] [01/03/2019 15:50:24.263] [actorSystem-java-akka.actor.default-dispatcher-21] [akka://actorSystem-java/user/$a] SaveSnapshotSuccess
[DEBUG] [01/03/2019 15:52:01.261] [actorSystem-java-akka.actor.default-dispatcher-2] [akka://actorSystem-java/user/$a] Do snapshot now
[DEBUG] [01/03/2019 15:52:01.920] [actorSystem-java-akka.actor.default-dispatcher-21] [akka://actorSystem-java/user/$a] SaveSnapshotSuccess
[DEBUG] [01/03/2019 15:53:39.905] [actorSystem-java-akka.actor.default-dispatcher-21] [akka://actorSystem-java/user/$a] Do snapshot now
[DEBUG] [01/03/2019 15:53:40.557] [actorSystem-java-akka.actor.default-dispatcher-21] [akka://actorSystem-java/user/$a] SaveSnapshotSuccess
[DEBUG] [01/03/2019 15:55:19.504] [actorSystem-java-akka.actor.default-dispatcher-2] [akka://actorSystem-java/user/$a] Do snapshot now
[DEBUG] [01/03/2019 15:55:20.175] [actorSystem-java-akka.actor.default-dispatcher-2] [akka://actorSystem-java/user/$a] SaveSnapshotSuccess
[DEBUG] [01/03/2019 15:56:59.412] [actorSystem-java-akka.actor.default-dispatcher-14] [akka://actorSystem-java/user/$a] Do snapshot now
[DEBUG] [01/03/2019 15:57:00.274] [actorSystem-java-akka.actor.default-dispatcher-21] [akka://actorSystem-java/user/$a] SaveSnapshotSuccess
[DEBUG] [01/03/2019 15:58:40.958] [actorSystem-java-akka.actor.default-dispatcher-21] [akka://actorSystem-java/user/$a] Do snapshot now
[DEBUG] [01/03/2019 15:58:41.667] [actorSystem-java-akka.actor.default-dispatcher-18] [akka://actorSystem-java/user/$a] SaveSnapshotSuccess
[DEBUG] [01/03/2019 16:00:22.157] [actorSystem-java-akka.actor.default-dispatcher-21] [akka://actorSystem-java/user/$a] Do snapshot now
[ERROR] [01/03/2019 16:00:22.158] [actorSystem-java-akka.actor.default-dispatcher-21] [akka://actorSystem-java/user/$a] Simulate crash
java.lang.RuntimeException: Simulate crash
	at de.maxbundscherer.akka.serializationcomparision.actors.CarGarageActor.de$maxbundscherer$akka$serializationcomparision$actors$CarGarageActor$$processCommand(CarGarageActor.scala:148)
	at de.maxbundscherer.akka.serializationcomparision.actors.CarGarageActor$$anonfun$receiveCommand$1.applyOrElse(CarGarageActor.scala:92)
	at akka.actor.Actor.aroundReceive(Actor.scala:517)
	at akka.actor.Actor.aroundReceive$(Actor.scala:515)
	at de.maxbundscherer.akka.serializationcomparision.actors.CarGarageActor.akka$persistence$Eventsourced$$super$aroundReceive(CarGarageActor.scala:39)
	at akka.persistence.Eventsourced$$anon$1.stateReceive(Eventsourced.scala:753)
	at akka.persistence.Eventsourced.aroundReceive(Eventsourced.scala:222)
	at akka.persistence.Eventsourced.aroundReceive$(Eventsourced.scala:221)
	at de.maxbundscherer.akka.serializationcomparision.actors.CarGarageActor.aroundReceive(CarGarageActor.scala:39)
	at akka.actor.ActorCell.receiveMessage(ActorCell.scala:588)
	at akka.actor.ActorCell.invoke(ActorCell.scala:557)
	at akka.dispatch.Mailbox.processMailbox(Mailbox.scala:258)
	at akka.dispatch.Mailbox.run(Mailbox.scala:225)
	at akka.dispatch.Mailbox.exec(Mailbox.scala:235)
	at akka.dispatch.forkjoin.ForkJoinTask.doExec(ForkJoinTask.java:260)
	at akka.dispatch.forkjoin.ForkJoinPool$WorkQueue.runTask(ForkJoinPool.java:1339)
	at akka.dispatch.forkjoin.ForkJoinPool.runWorker(ForkJoinPool.java:1979)
	at akka.dispatch.forkjoin.ForkJoinWorkerThread.run(ForkJoinWorkerThread.java:107)

[DEBUG] [01/03/2019 16:00:22.158] [actorSystem-java-akka.actor.default-dispatcher-2] [akka://actorSystem-java/user/$a] Actor online
[DEBUG] [01/03/2019 16:00:23.830] [actorSystem-java-akka.actor.default-dispatcher-21] [akka://actorSystem-java/user/$a] Restore from snapshot
[DEBUG] [01/03/2019 16:00:28.882] [actorSystem-java-akka.actor.default-dispatcher-4] [akka://actorSystem-java/user/$a] RecoveryCompleted
[DEBUG] [01/03/2019 16:00:28.896] [actorSystem-java-akka.actor.default-dispatcher-4] [akka://actorSystem-java/user/$a] SaveSnapshotSuccess
[INFO] [01/03/2019 16:00:28.918] [run-main-0] [akka.actor.ActorSystemImpl(actorSystem-java)] StopTimeMeasurement: 2009 seconds
[INFO] [01/03/2019 16:00:28.918] [run-main-0] [akka.actor.ActorSystemImpl(actorSystem-java)] --- End Experiment (modeValue='java') ---
[DEBUG] [01/03/2019 16:00:29.930] [actorSystem-java-akka.actor.default-dispatcher-20] [EventStream] shutting down: StandardOutLogger
[DEBUG] [01/03/2019 16:00:29.939] [run-main-0] [EventStream(akka://actorSystem-json)] logger log1-Logging$DefaultLogger started
[DEBUG] [01/03/2019 16:00:29.939] [run-main-0] [EventStream(akka://actorSystem-json)] Default Loggers started
[INFO] [01/03/2019 16:00:29.970] [run-main-0] [akka.actor.ActorSystemImpl(actorSystem-json)] --- Start Experiment (modeValue='json') ---
[DEBUG] [01/03/2019 16:00:29.971] [actorSystem-json-akka.actor.default-dispatcher-5] [akka.persistence.Persistence(akka://actorSystem-json)] Create plugin: akka.persistence.journal.leveldb akka.persistence.journal.leveldb.LeveldbJournal
[DEBUG] [01/03/2019 16:00:29.973] [actorSystem-json-akka.actor.default-dispatcher-5] [akka://actorSystem-json/user/$a] Actor online
[DEBUG] [01/03/2019 16:00:29.973] [actorSystem-json-akka.actor.default-dispatcher-5] [akka.persistence.Persistence(akka://actorSystem-json)] Create plugin: akka.persistence.snapshot-store.local akka.persistence.snapshot.local.LocalSnapshotStore
[DEBUG] [01/03/2019 16:00:29.984] [actorSystem-json-akka.actor.default-dispatcher-5] [akka://actorSystem-json/user/$a] RecoveryCompleted
[INFO] [01/03/2019 16:00:29.986] [run-main-0] [akka.actor.ActorSystemImpl(actorSystem-json)] Test AddCar (100000 operations)
[DEBUG] [01/03/2019 16:00:29.986] [actorSystem-json-akka.persistence.dispatchers.default-plugin-dispatcher-8] [akka.serialization.Serialization(akka://actorSystem-json)] Using serializer [akka.persistence.serialization.MessageSerializer] for message [akka.persistence.PersistentImpl]
[DEBUG] [01/03/2019 16:00:29.986] [actorSystem-json-akka.persistence.dispatchers.default-plugin-dispatcher-8] [akka.serialization.Serialization(akka://actorSystem-json)] Using serializer [de.maxbundscherer.akka.serializationcomparision.serializer.JsonSerializer] for message [de.maxbundscherer.akka.serializationcomparision.persistence.CarGarageAggregate$AddCarEvt]
[DEBUG] [01/03/2019 16:01:45.947] [actorSystem-json-akka.actor.default-dispatcher-4] [akka://actorSystem-json/user/$a] Do snapshot now
[INFO] [01/03/2019 16:01:45.947] [run-main-0] [akka.actor.ActorSystemImpl(actorSystem-json)] Test AddComplexCar (100000 operations)
[DEBUG] [01/03/2019 16:01:45.947] [actorSystem-json-akka.persistence.dispatchers.default-plugin-dispatcher-8] [akka.serialization.Serialization(akka://actorSystem-json)] Using serializer [de.maxbundscherer.akka.serializationcomparision.serializer.JsonSerializer] for message [de.maxbundscherer.akka.serializationcomparision.persistence.CarGarageAggregate$AddComplexCarEvt]
[DEBUG] [01/03/2019 16:01:46.681] [actorSystem-json-akka.actor.default-dispatcher-4] [akka://actorSystem-json/user/$a] SaveSnapshotSuccess
[DEBUG] [01/03/2019 16:03:23.575] [actorSystem-json-akka.actor.default-dispatcher-4] [akka://actorSystem-json/user/$a] Do snapshot now
[INFO] [01/03/2019 16:03:23.575] [run-main-0] [akka.actor.ActorSystemImpl(actorSystem-json)] Test UpdateCar (1000000 operations)
[ERROR] [01/03/2019 16:03:23.576] [actorSystem-json-akka.actor.default-dispatcher-4] [akka://actorSystem-json/user/$a] Simulate crash
java.lang.RuntimeException: Simulate crash
	at de.maxbundscherer.akka.serializationcomparision.actors.CarGarageActor.de$maxbundscherer$akka$serializationcomparision$actors$CarGarageActor$$processCommand(CarGarageActor.scala:148)
	at de.maxbundscherer.akka.serializationcomparision.actors.CarGarageActor$$anonfun$receiveCommand$1.applyOrElse(CarGarageActor.scala:92)
	at akka.actor.Actor.aroundReceive(Actor.scala:517)
	at akka.actor.Actor.aroundReceive$(Actor.scala:515)
	at de.maxbundscherer.akka.serializationcomparision.actors.CarGarageActor.akka$persistence$Eventsourced$$super$aroundReceive(CarGarageActor.scala:39)
	at akka.persistence.Eventsourced$$anon$1.stateReceive(Eventsourced.scala:753)
	at akka.persistence.Eventsourced.aroundReceive(Eventsourced.scala:222)
	at akka.persistence.Eventsourced.aroundReceive$(Eventsourced.scala:221)
	at de.maxbundscherer.akka.serializationcomparision.actors.CarGarageActor.aroundReceive(CarGarageActor.scala:39)
	at akka.actor.ActorCell.receiveMessage(ActorCell.scala:588)
	at akka.actor.ActorCell.invoke(ActorCell.scala:557)
	at akka.dispatch.Mailbox.processMailbox(Mailbox.scala:258)
	at akka.dispatch.Mailbox.run(Mailbox.scala:225)
	at akka.dispatch.Mailbox.exec(Mailbox.scala:235)
	at akka.dispatch.forkjoin.ForkJoinTask.doExec(ForkJoinTask.java:260)
	at akka.dispatch.forkjoin.ForkJoinPool$WorkQueue.runTask(ForkJoinPool.java:1339)
	at akka.dispatch.forkjoin.ForkJoinPool.runWorker(ForkJoinPool.java:1979)
	at akka.dispatch.forkjoin.ForkJoinWorkerThread.run(ForkJoinWorkerThread.java:107)

[DEBUG] [01/03/2019 16:03:23.576] [actorSystem-json-akka.actor.default-dispatcher-7] [akka://actorSystem-json/user/$a] Actor online
[DEBUG] [01/03/2019 16:03:24.351] [actorSystem-json-akka.actor.default-dispatcher-7] [akka://actorSystem-json/user/$a] Restore from snapshot
[DEBUG] [01/03/2019 16:03:24.352] [actorSystem-json-akka.persistence.dispatchers.default-replay-dispatcher-17] [akka.serialization.Serialization(akka://actorSystem-json)] Using serializer [akka.persistence.serialization.MessageSerializer] for message [akka.persistence.PersistentRepr]
[DEBUG] [01/03/2019 16:03:27.312] [actorSystem-json-akka.actor.default-dispatcher-20] [akka://actorSystem-json/user/$a] RecoveryCompleted
[DEBUG] [01/03/2019 16:03:27.313] [actorSystem-json-akka.persistence.dispatchers.default-plugin-dispatcher-8] [akka.serialization.Serialization(akka://actorSystem-json)] Using serializer [de.maxbundscherer.akka.serializationcomparision.serializer.JsonSerializer] for message [de.maxbundscherer.akka.serializationcomparision.persistence.CarGarageAggregate$UpdateCarEvt]
[DEBUG] [01/03/2019 16:03:27.318] [actorSystem-json-akka.actor.default-dispatcher-4] [akka://actorSystem-json/user/$a] SaveSnapshotSuccess
[DEBUG] [01/03/2019 16:04:40.525] [actorSystem-json-akka.actor.default-dispatcher-20] [akka://actorSystem-json/user/$a] Do snapshot now
[DEBUG] [01/03/2019 16:04:42.149] [actorSystem-json-akka.actor.default-dispatcher-2] [akka://actorSystem-json/user/$a] SaveSnapshotSuccess
[DEBUG] [01/03/2019 16:05:54.573] [actorSystem-json-akka.actor.default-dispatcher-2] [akka://actorSystem-json/user/$a] Do snapshot now
[DEBUG] [01/03/2019 16:05:56.379] [actorSystem-json-akka.actor.default-dispatcher-20] [akka://actorSystem-json/user/$a] SaveSnapshotSuccess
[DEBUG] [01/03/2019 16:07:09.718] [actorSystem-json-akka.actor.default-dispatcher-19] [akka://actorSystem-json/user/$a] Do snapshot now
[DEBUG] [01/03/2019 16:07:11.413] [actorSystem-json-akka.actor.default-dispatcher-2] [akka://actorSystem-json/user/$a] SaveSnapshotSuccess
[DEBUG] [01/03/2019 16:08:23.863] [actorSystem-json-akka.actor.default-dispatcher-20] [akka://actorSystem-json/user/$a] Do snapshot now
[DEBUG] [01/03/2019 16:08:25.716] [actorSystem-json-akka.actor.default-dispatcher-4] [akka://actorSystem-json/user/$a] SaveSnapshotSuccess
[DEBUG] [01/03/2019 16:09:38.934] [actorSystem-json-akka.actor.default-dispatcher-2] [akka://actorSystem-json/user/$a] Do snapshot now
[DEBUG] [01/03/2019 16:09:40.937] [actorSystem-json-akka.actor.default-dispatcher-20] [akka://actorSystem-json/user/$a] SaveSnapshotSuccess
[DEBUG] [01/03/2019 16:10:52.408] [actorSystem-json-akka.actor.default-dispatcher-19] [akka://actorSystem-json/user/$a] Do snapshot now
[DEBUG] [01/03/2019 16:10:54.175] [actorSystem-json-akka.actor.default-dispatcher-19] [akka://actorSystem-json/user/$a] SaveSnapshotSuccess
[DEBUG] [01/03/2019 16:12:06.433] [actorSystem-json-akka.actor.default-dispatcher-4] [akka://actorSystem-json/user/$a] Do snapshot now
[DEBUG] [01/03/2019 16:12:08.097] [actorSystem-json-akka.actor.default-dispatcher-2] [akka://actorSystem-json/user/$a] SaveSnapshotSuccess
[DEBUG] [01/03/2019 16:13:20.194] [actorSystem-json-akka.actor.default-dispatcher-20] [akka://actorSystem-json/user/$a] Do snapshot now
[DEBUG] [01/03/2019 16:13:22.007] [actorSystem-json-akka.actor.default-dispatcher-20] [akka://actorSystem-json/user/$a] SaveSnapshotSuccess
[DEBUG] [01/03/2019 16:14:33.768] [actorSystem-json-akka.actor.default-dispatcher-4] [akka://actorSystem-json/user/$a] Do snapshot now
[DEBUG] [01/03/2019 16:14:35.522] [actorSystem-json-akka.actor.default-dispatcher-19] [akka://actorSystem-json/user/$a] SaveSnapshotSuccess
[DEBUG] [01/03/2019 16:15:47.652] [actorSystem-json-akka.actor.default-dispatcher-4] [akka://actorSystem-json/user/$a] Do snapshot now
[INFO] [01/03/2019 16:15:47.652] [run-main-0] [akka.actor.ActorSystemImpl(actorSystem-json)] Test UpdateComplexCar (1000000 operations)
[DEBUG] [01/03/2019 16:15:47.652] [actorSystem-json-akka.persistence.dispatchers.default-plugin-dispatcher-8] [akka.serialization.Serialization(akka://actorSystem-json)] Using serializer [de.maxbundscherer.akka.serializationcomparision.serializer.JsonSerializer] for message [de.maxbundscherer.akka.serializationcomparision.persistence.CarGarageAggregate$UpdateComplexCarEvt]
[DEBUG] [01/03/2019 16:15:49.501] [actorSystem-json-akka.actor.default-dispatcher-20] [akka://actorSystem-json/user/$a] SaveSnapshotSuccess
[DEBUG] [01/03/2019 16:17:27.258] [actorSystem-json-akka.actor.default-dispatcher-4] [akka://actorSystem-json/user/$a] Do snapshot now
[DEBUG] [01/03/2019 16:17:29.108] [actorSystem-json-akka.actor.default-dispatcher-4] [akka://actorSystem-json/user/$a] SaveSnapshotSuccess
[DEBUG] [01/03/2019 16:19:04.497] [actorSystem-json-akka.actor.default-dispatcher-19] [akka://actorSystem-json/user/$a] Do snapshot now
[DEBUG] [01/03/2019 16:19:06.600] [actorSystem-json-akka.actor.default-dispatcher-20] [akka://actorSystem-json/user/$a] SaveSnapshotSuccess
[DEBUG] [01/03/2019 16:20:42.736] [actorSystem-json-akka.actor.default-dispatcher-19] [akka://actorSystem-json/user/$a] Do snapshot now
[DEBUG] [01/03/2019 16:20:44.623] [actorSystem-json-akka.actor.default-dispatcher-4] [akka://actorSystem-json/user/$a] SaveSnapshotSuccess
[DEBUG] [01/03/2019 16:22:18.839] [actorSystem-json-akka.actor.default-dispatcher-20] [akka://actorSystem-json/user/$a] Do snapshot now
[DEBUG] [01/03/2019 16:22:20.594] [actorSystem-json-akka.actor.default-dispatcher-4] [akka://actorSystem-json/user/$a] SaveSnapshotSuccess
[DEBUG] [01/03/2019 16:23:57.996] [actorSystem-json-akka.actor.default-dispatcher-4] [akka://actorSystem-json/user/$a] Do snapshot now
[DEBUG] [01/03/2019 16:23:59.915] [actorSystem-json-akka.actor.default-dispatcher-2] [akka://actorSystem-json/user/$a] SaveSnapshotSuccess
[DEBUG] [01/03/2019 16:25:37.294] [actorSystem-json-akka.actor.default-dispatcher-20] [akka://actorSystem-json/user/$a] Do snapshot now
[DEBUG] [01/03/2019 16:25:39.201] [actorSystem-json-akka.actor.default-dispatcher-4] [akka://actorSystem-json/user/$a] SaveSnapshotSuccess
[DEBUG] [01/03/2019 16:39:58.061] [actorSystem-json-akka.actor.default-dispatcher-19] [akka://actorSystem-json/user/$a] Do snapshot now
[DEBUG] [01/03/2019 16:39:59.875] [actorSystem-json-akka.actor.default-dispatcher-19] [akka://actorSystem-json/user/$a] SaveSnapshotSuccess
[DEBUG] [01/03/2019 17:05:48.075] [actorSystem-json-akka.actor.default-dispatcher-19] [akka://actorSystem-json/user/$a] Do snapshot now
[DEBUG] [01/03/2019 17:05:50.415] [actorSystem-json-akka.actor.default-dispatcher-19] [akka://actorSystem-json/user/$a] SaveSnapshotSuccess
[DEBUG] [01/03/2019 17:31:40.489] [actorSystem-json-akka.actor.default-dispatcher-22] [akka://actorSystem-json/user/$a] Do snapshot now
[DEBUG] [01/03/2019 17:31:48.109] [actorSystem-json-akka.actor.default-dispatcher-22] [akka://actorSystem-json/user/$a] SaveSnapshotSuccess
#
# A fatal error has been detected by the 